
2021-01-21 08:39:45[INFO]-[Thread: main]-[com.alibaba.druid.pool.DruidDataSource.init()]: {dataSource-1,mysql} inited

2021-01-21 08:39:46[INFO]-[Thread: main]-[com.alibaba.druid.pool.DruidDataSource.init()]: {dataSource-2,oracle} inited

2021-01-21 08:39:47[INFO]-[Thread: main]-[io.undertow.Undertow.start()]: starting server: Undertow - 2.0.28.Final

2021-01-21 08:39:47[INFO]-[Thread: main]-[org.xnio.Xnio.<clinit>()]: XNIO version 3.3.8.Final

2021-01-21 08:39:47[INFO]-[Thread: main]-[org.xnio.nio.NioXnio.<clinit>()]: XNIO NIO Implementation Version 3.3.8.Final

2021-01-21 08:42:04[INFO]-[Thread: main]-[com.alibaba.druid.pool.DruidDataSource.init()]: {dataSource-1,mysql} inited

2021-01-21 08:42:05[INFO]-[Thread: main]-[com.alibaba.druid.pool.DruidDataSource.init()]: {dataSource-2,oracle} inited

2021-01-21 08:42:07[INFO]-[Thread: main]-[io.undertow.Undertow.start()]: starting server: Undertow - 2.0.28.Final

2021-01-21 08:42:07[INFO]-[Thread: main]-[org.xnio.Xnio.<clinit>()]: XNIO version 3.3.8.Final

2021-01-21 08:42:07[INFO]-[Thread: main]-[org.xnio.nio.NioXnio.<clinit>()]: XNIO NIO Implementation Version 3.3.8.Final

2021-01-21 08:46:39[INFO]-[Thread: HotSwapWatcher]-[com.alibaba.druid.pool.DruidDataSource.close()]: {dataSource-2} closed

2021-01-21 08:46:39[INFO]-[Thread: HotSwapWatcher]-[com.alibaba.druid.pool.DruidDataSource.close()]: {dataSource-1} closed

2021-01-21 08:46:39[INFO]-[Thread: HotSwapWatcher]-[io.undertow.Undertow.stop()]: stopping server: Undertow - 2.0.28.Final

2021-01-21 08:47:11[INFO]-[Thread: main]-[com.alibaba.druid.pool.DruidDataSource.init()]: {dataSource-1,mysql} inited

2021-01-21 08:47:13[INFO]-[Thread: main]-[com.alibaba.druid.pool.DruidDataSource.init()]: {dataSource-2,oracle} inited

2021-01-21 08:47:14[INFO]-[Thread: main]-[io.undertow.Undertow.start()]: starting server: Undertow - 2.0.28.Final

2021-01-21 08:47:14[INFO]-[Thread: main]-[org.xnio.Xnio.<clinit>()]: XNIO version 3.3.8.Final

2021-01-21 08:47:14[INFO]-[Thread: main]-[org.xnio.nio.NioXnio.<clinit>()]: XNIO NIO Implementation Version 3.3.8.Final

2021-01-21 08:49:07[INFO]-[Thread: main]-[com.alibaba.druid.pool.DruidDataSource.init()]: {dataSource-1,mysql} inited

2021-01-21 08:49:08[INFO]-[Thread: main]-[com.alibaba.druid.pool.DruidDataSource.init()]: {dataSource-2,oracle} inited

2021-01-21 08:49:10[INFO]-[Thread: main]-[io.undertow.Undertow.start()]: starting server: Undertow - 2.0.28.Final

2021-01-21 08:49:10[INFO]-[Thread: main]-[org.xnio.Xnio.<clinit>()]: XNIO version 3.3.8.Final

2021-01-21 08:49:10[INFO]-[Thread: main]-[org.xnio.nio.NioXnio.<clinit>()]: XNIO NIO Implementation Version 3.3.8.Final

2021-01-21 08:50:35[INFO]-[Thread: main]-[com.alibaba.druid.pool.DruidDataSource.init()]: {dataSource-1,mysql} inited

2021-01-21 08:50:36[INFO]-[Thread: main]-[com.alibaba.druid.pool.DruidDataSource.init()]: {dataSource-2,oracle} inited

2021-01-21 08:50:38[INFO]-[Thread: main]-[io.undertow.Undertow.start()]: starting server: Undertow - 2.0.28.Final

2021-01-21 08:50:38[INFO]-[Thread: main]-[org.xnio.Xnio.<clinit>()]: XNIO version 3.3.8.Final

2021-01-21 08:50:38[INFO]-[Thread: main]-[org.xnio.nio.NioXnio.<clinit>()]: XNIO NIO Implementation Version 3.3.8.Final

2021-01-21 08:55:03[INFO]-[Thread: main]-[com.alibaba.druid.pool.DruidDataSource.init()]: {dataSource-1,mysql} inited

2021-01-21 08:55:05[INFO]-[Thread: main]-[com.alibaba.druid.pool.DruidDataSource.init()]: {dataSource-2,oracle} inited

2021-01-21 08:55:06[INFO]-[Thread: main]-[io.undertow.Undertow.start()]: starting server: Undertow - 2.0.28.Final

2021-01-21 08:55:06[INFO]-[Thread: main]-[org.xnio.Xnio.<clinit>()]: XNIO version 3.3.8.Final

2021-01-21 08:55:06[INFO]-[Thread: main]-[org.xnio.nio.NioXnio.<clinit>()]: XNIO NIO Implementation Version 3.3.8.Final

2021-01-21 08:56:23[INFO]-[Thread: main]-[com.alibaba.druid.pool.DruidDataSource.init()]: {dataSource-1,mysql} inited

2021-01-21 08:56:24[INFO]-[Thread: main]-[com.alibaba.druid.pool.DruidDataSource.init()]: {dataSource-2,oracle} inited

2021-01-21 08:56:25[INFO]-[Thread: main]-[io.undertow.Undertow.start()]: starting server: Undertow - 2.0.28.Final

2021-01-21 08:56:25[INFO]-[Thread: main]-[org.xnio.Xnio.<clinit>()]: XNIO version 3.3.8.Final

2021-01-21 08:56:25[INFO]-[Thread: main]-[org.xnio.nio.NioXnio.<clinit>()]: XNIO NIO Implementation Version 3.3.8.Final

2021-01-21 08:59:13[INFO]-[Thread: main]-[com.alibaba.druid.pool.DruidDataSource.init()]: {dataSource-1,mysql} inited

2021-01-21 08:59:14[INFO]-[Thread: main]-[com.alibaba.druid.pool.DruidDataSource.init()]: {dataSource-2,oracle} inited

2021-01-21 08:59:16[INFO]-[Thread: main]-[io.undertow.Undertow.start()]: starting server: Undertow - 2.0.28.Final

2021-01-21 08:59:16[INFO]-[Thread: main]-[org.xnio.Xnio.<clinit>()]: XNIO version 3.3.8.Final

2021-01-21 08:59:16[INFO]-[Thread: main]-[org.xnio.nio.NioXnio.<clinit>()]: XNIO NIO Implementation Version 3.3.8.Final

2021-01-21 09:03:53[INFO]-[Thread: main]-[com.alibaba.druid.pool.DruidDataSource.init()]: {dataSource-1,mysql} inited

2021-01-21 09:03:54[INFO]-[Thread: main]-[com.alibaba.druid.pool.DruidDataSource.init()]: {dataSource-2,oracle} inited

2021-01-21 09:03:55[INFO]-[Thread: main]-[io.undertow.Undertow.start()]: starting server: Undertow - 2.0.28.Final

2021-01-21 09:03:55[INFO]-[Thread: main]-[org.xnio.Xnio.<clinit>()]: XNIO version 3.3.8.Final

2021-01-21 09:03:55[INFO]-[Thread: main]-[org.xnio.nio.NioXnio.<clinit>()]: XNIO NIO Implementation Version 3.3.8.Final

2021-01-21 09:05:01[INFO]-[Thread: main]-[com.alibaba.druid.pool.DruidDataSource.init()]: {dataSource-1,mysql} inited

2021-01-21 09:05:01[INFO]-[Thread: main]-[com.alibaba.druid.pool.DruidDataSource.init()]: {dataSource-2,oracle} inited

2021-01-21 09:05:03[INFO]-[Thread: main]-[io.undertow.Undertow.start()]: starting server: Undertow - 2.0.28.Final

2021-01-21 09:05:03[INFO]-[Thread: main]-[org.xnio.Xnio.<clinit>()]: XNIO version 3.3.8.Final

2021-01-21 09:05:03[INFO]-[Thread: main]-[org.xnio.nio.NioXnio.<clinit>()]: XNIO NIO Implementation Version 3.3.8.Final

2021-01-21 09:06:32[INFO]-[Thread: main]-[com.alibaba.druid.pool.DruidDataSource.init()]: {dataSource-1,mysql} inited

2021-01-21 09:06:33[INFO]-[Thread: main]-[com.alibaba.druid.pool.DruidDataSource.init()]: {dataSource-2,oracle} inited

2021-01-21 09:06:34[INFO]-[Thread: main]-[io.undertow.Undertow.start()]: starting server: Undertow - 2.0.28.Final

2021-01-21 09:06:34[INFO]-[Thread: main]-[org.xnio.Xnio.<clinit>()]: XNIO version 3.3.8.Final

2021-01-21 09:06:34[INFO]-[Thread: main]-[org.xnio.nio.NioXnio.<clinit>()]: XNIO NIO Implementation Version 3.3.8.Final

2021-01-21 09:07:49[INFO]-[Thread: main]-[com.alibaba.druid.pool.DruidDataSource.init()]: {dataSource-1,mysql} inited

2021-01-21 09:07:50[INFO]-[Thread: main]-[com.alibaba.druid.pool.DruidDataSource.init()]: {dataSource-2,oracle} inited

2021-01-21 09:07:51[INFO]-[Thread: main]-[io.undertow.Undertow.start()]: starting server: Undertow - 2.0.28.Final

2021-01-21 09:07:51[INFO]-[Thread: main]-[org.xnio.Xnio.<clinit>()]: XNIO version 3.3.8.Final

2021-01-21 09:07:51[INFO]-[Thread: main]-[org.xnio.nio.NioXnio.<clinit>()]: XNIO NIO Implementation Version 3.3.8.Final

2021-01-21 09:12:00[INFO]-[Thread: main]-[com.alibaba.druid.pool.DruidDataSource.init()]: {dataSource-1,mysql} inited

2021-01-21 09:12:01[INFO]-[Thread: main]-[com.alibaba.druid.pool.DruidDataSource.init()]: {dataSource-2,oracle} inited

2021-01-21 09:12:02[INFO]-[Thread: main]-[io.undertow.Undertow.start()]: starting server: Undertow - 2.0.28.Final

2021-01-21 09:12:02[INFO]-[Thread: main]-[org.xnio.Xnio.<clinit>()]: XNIO version 3.3.8.Final

2021-01-21 09:12:02[INFO]-[Thread: main]-[org.xnio.nio.NioXnio.<clinit>()]: XNIO NIO Implementation Version 3.3.8.Final

2021-01-21 09:17:55[INFO]-[Thread: main]-[com.alibaba.druid.pool.DruidDataSource.init()]: {dataSource-1,mysql} inited

2021-01-21 09:17:56[INFO]-[Thread: main]-[com.alibaba.druid.pool.DruidDataSource.init()]: {dataSource-2,oracle} inited

2021-01-21 09:17:57[INFO]-[Thread: main]-[io.undertow.Undertow.start()]: starting server: Undertow - 2.0.28.Final

2021-01-21 09:17:57[INFO]-[Thread: main]-[org.xnio.Xnio.<clinit>()]: XNIO version 3.3.8.Final

2021-01-21 09:17:57[INFO]-[Thread: main]-[org.xnio.nio.NioXnio.<clinit>()]: XNIO NIO Implementation Version 3.3.8.Final

2021-01-21 09:20:13[INFO]-[Thread: main]-[com.alibaba.druid.pool.DruidDataSource.init()]: {dataSource-1,mysql} inited

2021-01-21 09:20:13[INFO]-[Thread: main]-[com.alibaba.druid.pool.DruidDataSource.init()]: {dataSource-2,oracle} inited

2021-01-21 09:20:14[INFO]-[Thread: main]-[io.undertow.Undertow.start()]: starting server: Undertow - 2.0.28.Final

2021-01-21 09:20:14[INFO]-[Thread: main]-[org.xnio.Xnio.<clinit>()]: XNIO version 3.3.8.Final

2021-01-21 09:20:14[INFO]-[Thread: main]-[org.xnio.nio.NioXnio.<clinit>()]: XNIO NIO Implementation Version 3.3.8.Final

2021-01-21 09:22:56[INFO]-[Thread: main]-[com.alibaba.druid.pool.DruidDataSource.init()]: {dataSource-1,mysql} inited

2021-01-21 09:22:57[INFO]-[Thread: main]-[com.alibaba.druid.pool.DruidDataSource.init()]: {dataSource-2,oracle} inited

2021-01-21 09:22:58[INFO]-[Thread: main]-[io.undertow.Undertow.start()]: starting server: Undertow - 2.0.28.Final

2021-01-21 09:22:58[INFO]-[Thread: main]-[org.xnio.Xnio.<clinit>()]: XNIO version 3.3.8.Final

2021-01-21 09:22:58[INFO]-[Thread: main]-[org.xnio.nio.NioXnio.<clinit>()]: XNIO NIO Implementation Version 3.3.8.Final

2021-01-21 09:23:57[INFO]-[Thread: main]-[com.alibaba.druid.pool.DruidDataSource.init()]: {dataSource-1,mysql} inited

2021-01-21 09:23:58[INFO]-[Thread: main]-[com.alibaba.druid.pool.DruidDataSource.init()]: {dataSource-2,oracle} inited

2021-01-21 09:23:58[INFO]-[Thread: main]-[io.undertow.Undertow.start()]: starting server: Undertow - 2.0.28.Final

2021-01-21 09:23:58[INFO]-[Thread: main]-[org.xnio.Xnio.<clinit>()]: XNIO version 3.3.8.Final

2021-01-21 09:23:58[INFO]-[Thread: main]-[org.xnio.nio.NioXnio.<clinit>()]: XNIO NIO Implementation Version 3.3.8.Final

2021-01-21 09:24:31[INFO]-[Thread: main]-[com.alibaba.druid.pool.DruidDataSource.init()]: {dataSource-1,mysql} inited

2021-01-21 09:24:31[INFO]-[Thread: main]-[com.alibaba.druid.pool.DruidDataSource.init()]: {dataSource-2,oracle} inited

2021-01-21 09:24:33[INFO]-[Thread: main]-[io.undertow.Undertow.start()]: starting server: Undertow - 2.0.28.Final

2021-01-21 09:24:33[INFO]-[Thread: main]-[org.xnio.Xnio.<clinit>()]: XNIO version 3.3.8.Final

2021-01-21 09:24:33[INFO]-[Thread: main]-[org.xnio.nio.NioXnio.<clinit>()]: XNIO NIO Implementation Version 3.3.8.Final

2021-01-21 09:25:21[INFO]-[Thread: main]-[com.alibaba.druid.pool.DruidDataSource.init()]: {dataSource-1,mysql} inited

2021-01-21 09:25:22[INFO]-[Thread: main]-[com.alibaba.druid.pool.DruidDataSource.init()]: {dataSource-2,oracle} inited

2021-01-21 09:25:23[INFO]-[Thread: main]-[io.undertow.Undertow.start()]: starting server: Undertow - 2.0.28.Final

2021-01-21 09:25:23[INFO]-[Thread: main]-[org.xnio.Xnio.<clinit>()]: XNIO version 3.3.8.Final

2021-01-21 09:25:23[INFO]-[Thread: main]-[org.xnio.nio.NioXnio.<clinit>()]: XNIO NIO Implementation Version 3.3.8.Final

2021-01-21 09:39:16[INFO]-[Thread: main]-[com.alibaba.druid.pool.DruidDataSource.init()]: {dataSource-1,mysql} inited

2021-01-21 09:39:17[INFO]-[Thread: main]-[com.alibaba.druid.pool.DruidDataSource.init()]: {dataSource-2,oracle} inited

2021-01-21 09:39:18[INFO]-[Thread: main]-[io.undertow.Undertow.start()]: starting server: Undertow - 2.0.28.Final

2021-01-21 09:39:18[INFO]-[Thread: main]-[org.xnio.Xnio.<clinit>()]: XNIO version 3.3.8.Final

2021-01-21 09:39:18[INFO]-[Thread: main]-[org.xnio.nio.NioXnio.<clinit>()]: XNIO NIO Implementation Version 3.3.8.Final

2021-01-21 13:31:04[INFO]-[Thread: main]-[com.alibaba.druid.pool.DruidDataSource.init()]: {dataSource-1,mysql} inited

2021-01-21 13:31:04[INFO]-[Thread: main]-[com.alibaba.druid.pool.DruidDataSource.init()]: {dataSource-2,oracle} inited

2021-01-21 13:31:05[INFO]-[Thread: main]-[io.undertow.Undertow.start()]: starting server: Undertow - 2.0.28.Final

2021-01-21 13:31:05[INFO]-[Thread: main]-[org.xnio.Xnio.<clinit>()]: XNIO version 3.3.8.Final

2021-01-21 13:31:05[INFO]-[Thread: main]-[org.xnio.nio.NioXnio.<clinit>()]: XNIO NIO Implementation Version 3.3.8.Final

2021-01-21 13:55:50[INFO]-[Thread: main]-[com.alibaba.druid.pool.DruidDataSource.init()]: {dataSource-1,mysql} inited

2021-01-21 13:55:51[INFO]-[Thread: main]-[com.alibaba.druid.pool.DruidDataSource.init()]: {dataSource-2,oracle} inited

2021-01-21 13:55:51[INFO]-[Thread: main]-[io.undertow.Undertow.start()]: starting server: Undertow - 2.0.28.Final

2021-01-21 13:55:51[INFO]-[Thread: main]-[org.xnio.Xnio.<clinit>()]: XNIO version 3.3.8.Final

2021-01-21 13:55:51[INFO]-[Thread: main]-[org.xnio.nio.NioXnio.<clinit>()]: XNIO NIO Implementation Version 3.3.8.Final

2021-01-21 14:10:40[INFO]-[Thread: main]-[com.alibaba.druid.pool.DruidDataSource.init()]: {dataSource-1,mysql} inited

2021-01-21 14:10:40[INFO]-[Thread: main]-[com.alibaba.druid.pool.DruidDataSource.init()]: {dataSource-2,oracle} inited

2021-01-21 14:10:41[INFO]-[Thread: main]-[io.undertow.Undertow.start()]: starting server: Undertow - 2.0.28.Final

2021-01-21 14:10:41[INFO]-[Thread: main]-[org.xnio.Xnio.<clinit>()]: XNIO version 3.3.8.Final

2021-01-21 14:10:41[INFO]-[Thread: main]-[org.xnio.nio.NioXnio.<clinit>()]: XNIO NIO Implementation Version 3.3.8.Final

2021-01-21 14:11:18[ERROR]-[Thread: XNIO-1 task-1]-[com.qinhailin.common.intercepor.ExceptionInterceptor.intercept()]: java.sql.SQLException: sql injection violation, syntax error: syntax error, error in :'TUS  where a.MESS_USER like ?  ) ro', expect RPAREN, actual WHERE pos 120, line 1, column 114, token WHERE : select * from ( select row_.*, rownum rownum_ from (  select *  from T_OA_MESSAGE_IF_DATA a order by MESSD_STATUS  where a.MESS_USER like ?  ) row_ where rownum <= 20) table_alias where table_alias.rownum_ > 0
com.jfinal.plugin.activerecord.ActiveRecordException: java.sql.SQLException: sql injection violation, syntax error: syntax error, error in :'TUS  where a.MESS_USER like ?  ) ro', expect RPAREN, actual WHERE pos 120, line 1, column 114, token WHERE : select * from ( select row_.*, rownum rownum_ from (  select *  from T_OA_MESSAGE_IF_DATA a order by MESSD_STATUS  where a.MESS_USER like ?  ) row_ where rownum <= 20) table_alias where table_alias.rownum_ > 0
	at com.jfinal.plugin.activerecord.DbPro.doPaginate(DbPro.java:537)
	at com.jfinal.plugin.activerecord.DbPro.paginate(DbPro.java:1303)
	at com.qinhailin.common.base.service.BaseService.getGrid(BaseService.java:350)
	at com.qinhailin.common.base.service.BaseService.queryForList(BaseService.java:248)
	at com.qinhailin.portal.meiko.oa.service.OAMessageService.page(OAMessageService.java:31)
	at com.qinhailin.portal.meiko.oa.ctr.OAController.list(OAController.java:39)
	at sun.reflect.NativeMethodAccessorImpl.invoke0(Native Method)
	at sun.reflect.NativeMethodAccessorImpl.invoke(Unknown Source)
	at sun.reflect.DelegatingMethodAccessorImpl.invoke(Unknown Source)
	at java.lang.reflect.Method.invoke(Unknown Source)
	at com.jfinal.aop.Invocation.invoke(Invocation.java:97)
	at com.qinhailin.common.intercepor.LoggerInterceptor.intercept(LoggerInterceptor.java:49)
	at com.jfinal.aop.Invocation.invoke(Invocation.java:91)
	at com.qinhailin.common.intercepor.TokenInterceptor.intercept(TokenInterceptor.java:61)
	at com.jfinal.aop.Invocation.invoke(Invocation.java:91)
	at com.qinhailin.common.intercepor.ExceptionInterceptor.intercept(ExceptionInterceptor.java:44)
	at com.jfinal.aop.Invocation.invoke(Invocation.java:91)
	at com.qinhailin.common.intercepor.SessionInterceptor.intercept(SessionInterceptor.java:115)
	at com.jfinal.aop.Invocation.invoke(Invocation.java:91)
	at com.jfinal.ext.interceptor.SessionInViewInterceptor.intercept(SessionInViewInterceptor.java:44)
	at com.jfinal.aop.Invocation.invoke(Invocation.java:91)
	at com.jfinal.core.ActionHandler.handle(ActionHandler.java:89)
	at com.qinhailin.common.safe.XssHandler.handle(XssHandler.java:55)
	at com.qinhailin.common.handler.CommonHandler.handle(CommonHandler.java:69)
	at com.jfinal.plugin.druid.DruidStatViewHandler.handle(DruidStatViewHandler.java:81)
	at com.jfinal.core.JFinalFilter.doFilter(JFinalFilter.java:90)
	at io.undertow.servlet.core.ManagedFilter.doFilter(ManagedFilter.java:61)
	at io.undertow.servlet.handlers.FilterHandler$FilterChainImpl.doFilter(FilterHandler.java:131)
	at io.undertow.servlet.handlers.FilterHandler.handleRequest(FilterHandler.java:84)
	at io.undertow.servlet.handlers.security.ServletSecurityRoleHandler.handleRequest(ServletSecurityRoleHandler.java:62)
	at io.undertow.servlet.handlers.ServletChain$1.handleRequest(ServletChain.java:68)
	at io.undertow.servlet.handlers.ServletDispatchingHandler.handleRequest(ServletDispatchingHandler.java:36)
	at io.undertow.servlet.handlers.RedirectDirHandler.handleRequest(RedirectDirHandler.java:68)
	at io.undertow.servlet.handlers.security.SSLInformationAssociationHandler.handleRequest(SSLInformationAssociationHandler.java:132)
	at io.undertow.servlet.handlers.security.ServletAuthenticationCallHandler.handleRequest(ServletAuthenticationCallHandler.java:57)
	at io.undertow.server.handlers.PredicateHandler.handleRequest(PredicateHandler.java:43)
	at io.undertow.security.handlers.AbstractConfidentialityHandler.handleRequest(AbstractConfidentialityHandler.java:46)
	at io.undertow.servlet.handlers.security.ServletConfidentialityConstraintHandler.handleRequest(ServletConfidentialityConstraintHandler.java:64)
	at io.undertow.security.handlers.AuthenticationMechanismsHandler.handleRequest(AuthenticationMechanismsHandler.java:60)
	at io.undertow.servlet.handlers.security.CachedAuthenticatedSessionHandler.handleRequest(CachedAuthenticatedSessionHandler.java:77)
	at io.undertow.security.handlers.AbstractSecurityContextAssociationHandler.handleRequest(AbstractSecurityContextAssociationHandler.java:43)
	at io.undertow.server.handlers.PredicateHandler.handleRequest(PredicateHandler.java:43)
	at io.undertow.server.handlers.PredicateHandler.handleRequest(PredicateHandler.java:43)
	at io.undertow.servlet.handlers.SessionRestoringHandler.handleRequest(SessionRestoringHandler.java:119)
	at io.undertow.servlet.handlers.ServletInitialHandler.handleFirstRequest(ServletInitialHandler.java:269)
	at io.undertow.servlet.handlers.ServletInitialHandler.access$100(ServletInitialHandler.java:78)
	at io.undertow.servlet.handlers.ServletInitialHandler$2.call(ServletInitialHandler.java:133)
	at io.undertow.servlet.handlers.ServletInitialHandler$2.call(ServletInitialHandler.java:130)
	at io.undertow.servlet.core.ServletRequestContextThreadSetupAction$1.call(ServletRequestContextThreadSetupAction.java:48)
	at io.undertow.servlet.core.ContextClassLoaderSetupAction$1.call(ContextClassLoaderSetupAction.java:43)
	at io.undertow.servlet.handlers.ServletInitialHandler.dispatchRequest(ServletInitialHandler.java:249)
	at io.undertow.servlet.handlers.ServletInitialHandler.access$000(ServletInitialHandler.java:78)
	at io.undertow.servlet.handlers.ServletInitialHandler$1.handleRequest(ServletInitialHandler.java:99)
	at io.undertow.server.Connectors.executeRootHandler(Connectors.java:376)
	at io.undertow.server.HttpServerExchange$1.run(HttpServerExchange.java:830)
	at java.util.concurrent.ThreadPoolExecutor.runWorker(Unknown Source)
	at java.util.concurrent.ThreadPoolExecutor$Worker.run(Unknown Source)
	at java.lang.Thread.run(Unknown Source)
Caused by: java.sql.SQLException: sql injection violation, syntax error: syntax error, error in :'TUS  where a.MESS_USER like ?  ) ro', expect RPAREN, actual WHERE pos 120, line 1, column 114, token WHERE : select * from ( select row_.*, rownum rownum_ from (  select *  from T_OA_MESSAGE_IF_DATA a order by MESSD_STATUS  where a.MESS_USER like ?  ) row_ where rownum <= 20) table_alias where table_alias.rownum_ > 0
	at com.alibaba.druid.wall.WallFilter.checkInternal(WallFilter.java:799)
	at com.alibaba.druid.wall.WallFilter.connection_prepareStatement(WallFilter.java:252)
	at com.alibaba.druid.filter.FilterChainImpl.connection_prepareStatement(FilterChainImpl.java:568)
	at com.alibaba.druid.filter.FilterAdapter.connection_prepareStatement(FilterAdapter.java:929)
	at com.alibaba.druid.filter.FilterEventAdapter.connection_prepareStatement(FilterEventAdapter.java:122)
	at com.alibaba.druid.filter.FilterChainImpl.connection_prepareStatement(FilterChainImpl.java:568)
	at com.alibaba.druid.proxy.jdbc.ConnectionProxyImpl.prepareStatement(ConnectionProxyImpl.java:342)
	at com.alibaba.druid.pool.DruidPooledConnection.prepareStatement(DruidPooledConnection.java:349)
	at com.jfinal.plugin.activerecord.DbPro.find(DbPro.java:312)
	at com.jfinal.plugin.activerecord.DbPro.doPaginateByFullSql(DbPro.java:578)
	at com.jfinal.plugin.activerecord.DbPro.doPaginate(DbPro.java:535)
	... 57 more
Caused by: com.alibaba.druid.sql.parser.ParserException: syntax error, error in :'TUS  where a.MESS_USER like ?  ) ro', expect RPAREN, actual WHERE pos 120, line 1, column 114, token WHERE
	at com.alibaba.druid.sql.parser.SQLParser.printError(SQLParser.java:284)
	at com.alibaba.druid.sql.parser.SQLParser.accept(SQLParser.java:292)
	at com.alibaba.druid.sql.dialect.oracle.parser.OracleSelectParser.parseTableSourcePrimary(OracleSelectParser.java:634)
	at com.alibaba.druid.sql.dialect.oracle.parser.OracleSelectParser.parseTableSource(OracleSelectParser.java:607)
	at com.alibaba.druid.sql.parser.SQLSelectParser.parseFrom(SQLSelectParser.java:666)
	at com.alibaba.druid.sql.dialect.oracle.parser.OracleSelectParser.query(OracleSelectParser.java:304)
	at com.alibaba.druid.sql.dialect.oracle.parser.OracleSelectParser.select(OracleSelectParser.java:75)
	at com.alibaba.druid.sql.dialect.oracle.parser.OracleSelectParser.parseTableSourcePrimary(OracleSelectParser.java:622)
	at com.alibaba.druid.sql.dialect.oracle.parser.OracleSelectParser.parseTableSource(OracleSelectParser.java:607)
	at com.alibaba.druid.sql.parser.SQLSelectParser.parseFrom(SQLSelectParser.java:666)
	at com.alibaba.druid.sql.dialect.oracle.parser.OracleSelectParser.query(OracleSelectParser.java:304)
	at com.alibaba.druid.sql.dialect.oracle.parser.OracleSelectParser.select(OracleSelectParser.java:75)
	at com.alibaba.druid.sql.dialect.oracle.parser.OracleStatementParser.parseStatementList(OracleStatementParser.java:96)
	at com.alibaba.druid.sql.parser.SQLStatementParser.parseStatementList(SQLStatementParser.java:83)
	at com.alibaba.druid.wall.WallProvider.checkInternal(WallProvider.java:624)
	at com.alibaba.druid.wall.WallProvider.check(WallProvider.java:578)
	at com.alibaba.druid.wall.WallFilter.checkInternal(WallFilter.java:786)
	... 67 more

2021-01-21 14:11:28[ERROR]-[Thread: XNIO-1 task-2]-[com.qinhailin.common.intercepor.ExceptionInterceptor.intercept()]: java.sql.SQLException: sql injection violation, syntax error: syntax error, error in :'TUS  where a.MESS_USER like ?  ) ro', expect RPAREN, actual WHERE pos 120, line 1, column 114, token WHERE : select * from ( select row_.*, rownum rownum_ from (  select *  from T_OA_MESSAGE_IF_DATA a order by MESSD_STATUS  where a.MESS_USER like ?  ) row_ where rownum <= 20) table_alias where table_alias.rownum_ > 0
com.jfinal.plugin.activerecord.ActiveRecordException: java.sql.SQLException: sql injection violation, syntax error: syntax error, error in :'TUS  where a.MESS_USER like ?  ) ro', expect RPAREN, actual WHERE pos 120, line 1, column 114, token WHERE : select * from ( select row_.*, rownum rownum_ from (  select *  from T_OA_MESSAGE_IF_DATA a order by MESSD_STATUS  where a.MESS_USER like ?  ) row_ where rownum <= 20) table_alias where table_alias.rownum_ > 0
	at com.jfinal.plugin.activerecord.DbPro.doPaginate(DbPro.java:537)
	at com.jfinal.plugin.activerecord.DbPro.paginate(DbPro.java:1303)
	at com.qinhailin.common.base.service.BaseService.getGrid(BaseService.java:350)
	at com.qinhailin.common.base.service.BaseService.queryForList(BaseService.java:248)
	at com.qinhailin.portal.meiko.oa.service.OAMessageService.page(OAMessageService.java:31)
	at com.qinhailin.portal.meiko.oa.ctr.OAController.list(OAController.java:39)
	at sun.reflect.NativeMethodAccessorImpl.invoke0(Native Method)
	at sun.reflect.NativeMethodAccessorImpl.invoke(Unknown Source)
	at sun.reflect.DelegatingMethodAccessorImpl.invoke(Unknown Source)
	at java.lang.reflect.Method.invoke(Unknown Source)
	at com.jfinal.aop.Invocation.invoke(Invocation.java:97)
	at com.qinhailin.common.intercepor.LoggerInterceptor.intercept(LoggerInterceptor.java:49)
	at com.jfinal.aop.Invocation.invoke(Invocation.java:91)
	at com.qinhailin.common.intercepor.TokenInterceptor.intercept(TokenInterceptor.java:61)
	at com.jfinal.aop.Invocation.invoke(Invocation.java:91)
	at com.qinhailin.common.intercepor.ExceptionInterceptor.intercept(ExceptionInterceptor.java:44)
	at com.jfinal.aop.Invocation.invoke(Invocation.java:91)
	at com.qinhailin.common.intercepor.SessionInterceptor.intercept(SessionInterceptor.java:115)
	at com.jfinal.aop.Invocation.invoke(Invocation.java:91)
	at com.jfinal.ext.interceptor.SessionInViewInterceptor.intercept(SessionInViewInterceptor.java:44)
	at com.jfinal.aop.Invocation.invoke(Invocation.java:91)
	at com.jfinal.core.ActionHandler.handle(ActionHandler.java:89)
	at com.qinhailin.common.safe.XssHandler.handle(XssHandler.java:55)
	at com.qinhailin.common.handler.CommonHandler.handle(CommonHandler.java:69)
	at com.jfinal.plugin.druid.DruidStatViewHandler.handle(DruidStatViewHandler.java:81)
	at com.jfinal.core.JFinalFilter.doFilter(JFinalFilter.java:90)
	at io.undertow.servlet.core.ManagedFilter.doFilter(ManagedFilter.java:61)
	at io.undertow.servlet.handlers.FilterHandler$FilterChainImpl.doFilter(FilterHandler.java:131)
	at io.undertow.servlet.handlers.FilterHandler.handleRequest(FilterHandler.java:84)
	at io.undertow.servlet.handlers.security.ServletSecurityRoleHandler.handleRequest(ServletSecurityRoleHandler.java:62)
	at io.undertow.servlet.handlers.ServletChain$1.handleRequest(ServletChain.java:68)
	at io.undertow.servlet.handlers.ServletDispatchingHandler.handleRequest(ServletDispatchingHandler.java:36)
	at io.undertow.servlet.handlers.RedirectDirHandler.handleRequest(RedirectDirHandler.java:68)
	at io.undertow.servlet.handlers.security.SSLInformationAssociationHandler.handleRequest(SSLInformationAssociationHandler.java:132)
	at io.undertow.servlet.handlers.security.ServletAuthenticationCallHandler.handleRequest(ServletAuthenticationCallHandler.java:57)
	at io.undertow.server.handlers.PredicateHandler.handleRequest(PredicateHandler.java:43)
	at io.undertow.security.handlers.AbstractConfidentialityHandler.handleRequest(AbstractConfidentialityHandler.java:46)
	at io.undertow.servlet.handlers.security.ServletConfidentialityConstraintHandler.handleRequest(ServletConfidentialityConstraintHandler.java:64)
	at io.undertow.security.handlers.AuthenticationMechanismsHandler.handleRequest(AuthenticationMechanismsHandler.java:60)
	at io.undertow.servlet.handlers.security.CachedAuthenticatedSessionHandler.handleRequest(CachedAuthenticatedSessionHandler.java:77)
	at io.undertow.security.handlers.AbstractSecurityContextAssociationHandler.handleRequest(AbstractSecurityContextAssociationHandler.java:43)
	at io.undertow.server.handlers.PredicateHandler.handleRequest(PredicateHandler.java:43)
	at io.undertow.server.handlers.PredicateHandler.handleRequest(PredicateHandler.java:43)
	at io.undertow.servlet.handlers.SessionRestoringHandler.handleRequest(SessionRestoringHandler.java:119)
	at io.undertow.servlet.handlers.ServletInitialHandler.handleFirstRequest(ServletInitialHandler.java:269)
	at io.undertow.servlet.handlers.ServletInitialHandler.access$100(ServletInitialHandler.java:78)
	at io.undertow.servlet.handlers.ServletInitialHandler$2.call(ServletInitialHandler.java:133)
	at io.undertow.servlet.handlers.ServletInitialHandler$2.call(ServletInitialHandler.java:130)
	at io.undertow.servlet.core.ServletRequestContextThreadSetupAction$1.call(ServletRequestContextThreadSetupAction.java:48)
	at io.undertow.servlet.core.ContextClassLoaderSetupAction$1.call(ContextClassLoaderSetupAction.java:43)
	at io.undertow.servlet.handlers.ServletInitialHandler.dispatchRequest(ServletInitialHandler.java:249)
	at io.undertow.servlet.handlers.ServletInitialHandler.access$000(ServletInitialHandler.java:78)
	at io.undertow.servlet.handlers.ServletInitialHandler$1.handleRequest(ServletInitialHandler.java:99)
	at io.undertow.server.Connectors.executeRootHandler(Connectors.java:376)
	at io.undertow.server.HttpServerExchange$1.run(HttpServerExchange.java:830)
	at java.util.concurrent.ThreadPoolExecutor.runWorker(Unknown Source)
	at java.util.concurrent.ThreadPoolExecutor$Worker.run(Unknown Source)
	at java.lang.Thread.run(Unknown Source)
Caused by: java.sql.SQLException: sql injection violation, syntax error: syntax error, error in :'TUS  where a.MESS_USER like ?  ) ro', expect RPAREN, actual WHERE pos 120, line 1, column 114, token WHERE : select * from ( select row_.*, rownum rownum_ from (  select *  from T_OA_MESSAGE_IF_DATA a order by MESSD_STATUS  where a.MESS_USER like ?  ) row_ where rownum <= 20) table_alias where table_alias.rownum_ > 0
	at com.alibaba.druid.wall.WallFilter.checkInternal(WallFilter.java:799)
	at com.alibaba.druid.wall.WallFilter.connection_prepareStatement(WallFilter.java:252)
	at com.alibaba.druid.filter.FilterChainImpl.connection_prepareStatement(FilterChainImpl.java:568)
	at com.alibaba.druid.filter.FilterAdapter.connection_prepareStatement(FilterAdapter.java:929)
	at com.alibaba.druid.filter.FilterEventAdapter.connection_prepareStatement(FilterEventAdapter.java:122)
	at com.alibaba.druid.filter.FilterChainImpl.connection_prepareStatement(FilterChainImpl.java:568)
	at com.alibaba.druid.proxy.jdbc.ConnectionProxyImpl.prepareStatement(ConnectionProxyImpl.java:342)
	at com.alibaba.druid.pool.DruidPooledConnection.prepareStatement(DruidPooledConnection.java:349)
	at com.jfinal.plugin.activerecord.DbPro.find(DbPro.java:312)
	at com.jfinal.plugin.activerecord.DbPro.doPaginateByFullSql(DbPro.java:578)
	at com.jfinal.plugin.activerecord.DbPro.doPaginate(DbPro.java:535)
	... 57 more
Caused by: com.alibaba.druid.sql.parser.ParserException: syntax error, error in :'TUS  where a.MESS_USER like ?  ) ro', expect RPAREN, actual WHERE pos 120, line 1, column 114, token WHERE
	at com.alibaba.druid.sql.parser.SQLParser.printError(SQLParser.java:284)
	at com.alibaba.druid.sql.parser.SQLParser.accept(SQLParser.java:292)
	at com.alibaba.druid.sql.dialect.oracle.parser.OracleSelectParser.parseTableSourcePrimary(OracleSelectParser.java:634)
	at com.alibaba.druid.sql.dialect.oracle.parser.OracleSelectParser.parseTableSource(OracleSelectParser.java:607)
	at com.alibaba.druid.sql.parser.SQLSelectParser.parseFrom(SQLSelectParser.java:666)
	at com.alibaba.druid.sql.dialect.oracle.parser.OracleSelectParser.query(OracleSelectParser.java:304)
	at com.alibaba.druid.sql.dialect.oracle.parser.OracleSelectParser.select(OracleSelectParser.java:75)
	at com.alibaba.druid.sql.dialect.oracle.parser.OracleSelectParser.parseTableSourcePrimary(OracleSelectParser.java:622)
	at com.alibaba.druid.sql.dialect.oracle.parser.OracleSelectParser.parseTableSource(OracleSelectParser.java:607)
	at com.alibaba.druid.sql.parser.SQLSelectParser.parseFrom(SQLSelectParser.java:666)
	at com.alibaba.druid.sql.dialect.oracle.parser.OracleSelectParser.query(OracleSelectParser.java:304)
	at com.alibaba.druid.sql.dialect.oracle.parser.OracleSelectParser.select(OracleSelectParser.java:75)
	at com.alibaba.druid.sql.dialect.oracle.parser.OracleStatementParser.parseStatementList(OracleStatementParser.java:96)
	at com.alibaba.druid.sql.parser.SQLStatementParser.parseStatementList(SQLStatementParser.java:83)
	at com.alibaba.druid.wall.WallProvider.checkInternal(WallProvider.java:624)
	at com.alibaba.druid.wall.WallProvider.check(WallProvider.java:578)
	at com.alibaba.druid.wall.WallFilter.checkInternal(WallFilter.java:786)
	... 67 more

2021-01-21 14:11:43[ERROR]-[Thread: XNIO-1 task-3]-[com.qinhailin.common.intercepor.ExceptionInterceptor.intercept()]: java.sql.SQLException: sql injection violation, syntax error: syntax error, error in :'TUS  where a.MESS_USER like ?  ) ro', expect RPAREN, actual WHERE pos 120, line 1, column 114, token WHERE : select * from ( select row_.*, rownum rownum_ from (  select *  from T_OA_MESSAGE_IF_DATA a order by MESSD_STATUS  where a.MESS_USER like ?  ) row_ where rownum <= 20) table_alias where table_alias.rownum_ > 0
com.jfinal.plugin.activerecord.ActiveRecordException: java.sql.SQLException: sql injection violation, syntax error: syntax error, error in :'TUS  where a.MESS_USER like ?  ) ro', expect RPAREN, actual WHERE pos 120, line 1, column 114, token WHERE : select * from ( select row_.*, rownum rownum_ from (  select *  from T_OA_MESSAGE_IF_DATA a order by MESSD_STATUS  where a.MESS_USER like ?  ) row_ where rownum <= 20) table_alias where table_alias.rownum_ > 0
	at com.jfinal.plugin.activerecord.DbPro.doPaginate(DbPro.java:537)
	at com.jfinal.plugin.activerecord.DbPro.paginate(DbPro.java:1303)
	at com.qinhailin.common.base.service.BaseService.getGrid(BaseService.java:350)
	at com.qinhailin.common.base.service.BaseService.queryForList(BaseService.java:248)
	at com.qinhailin.portal.meiko.oa.service.OAMessageService.page(OAMessageService.java:31)
	at com.qinhailin.portal.meiko.oa.ctr.OAController.list(OAController.java:39)
	at sun.reflect.NativeMethodAccessorImpl.invoke0(Native Method)
	at sun.reflect.NativeMethodAccessorImpl.invoke(Unknown Source)
	at sun.reflect.DelegatingMethodAccessorImpl.invoke(Unknown Source)
	at java.lang.reflect.Method.invoke(Unknown Source)
	at com.jfinal.aop.Invocation.invoke(Invocation.java:97)
	at com.qinhailin.common.intercepor.LoggerInterceptor.intercept(LoggerInterceptor.java:49)
	at com.jfinal.aop.Invocation.invoke(Invocation.java:91)
	at com.qinhailin.common.intercepor.TokenInterceptor.intercept(TokenInterceptor.java:61)
	at com.jfinal.aop.Invocation.invoke(Invocation.java:91)
	at com.qinhailin.common.intercepor.ExceptionInterceptor.intercept(ExceptionInterceptor.java:44)
	at com.jfinal.aop.Invocation.invoke(Invocation.java:91)
	at com.qinhailin.common.intercepor.SessionInterceptor.intercept(SessionInterceptor.java:115)
	at com.jfinal.aop.Invocation.invoke(Invocation.java:91)
	at com.jfinal.ext.interceptor.SessionInViewInterceptor.intercept(SessionInViewInterceptor.java:44)
	at com.jfinal.aop.Invocation.invoke(Invocation.java:91)
	at com.jfinal.core.ActionHandler.handle(ActionHandler.java:89)
	at com.qinhailin.common.safe.XssHandler.handle(XssHandler.java:55)
	at com.qinhailin.common.handler.CommonHandler.handle(CommonHandler.java:69)
	at com.jfinal.plugin.druid.DruidStatViewHandler.handle(DruidStatViewHandler.java:81)
	at com.jfinal.core.JFinalFilter.doFilter(JFinalFilter.java:90)
	at io.undertow.servlet.core.ManagedFilter.doFilter(ManagedFilter.java:61)
	at io.undertow.servlet.handlers.FilterHandler$FilterChainImpl.doFilter(FilterHandler.java:131)
	at io.undertow.servlet.handlers.FilterHandler.handleRequest(FilterHandler.java:84)
	at io.undertow.servlet.handlers.security.ServletSecurityRoleHandler.handleRequest(ServletSecurityRoleHandler.java:62)
	at io.undertow.servlet.handlers.ServletChain$1.handleRequest(ServletChain.java:68)
	at io.undertow.servlet.handlers.ServletDispatchingHandler.handleRequest(ServletDispatchingHandler.java:36)
	at io.undertow.servlet.handlers.RedirectDirHandler.handleRequest(RedirectDirHandler.java:68)
	at io.undertow.servlet.handlers.security.SSLInformationAssociationHandler.handleRequest(SSLInformationAssociationHandler.java:132)
	at io.undertow.servlet.handlers.security.ServletAuthenticationCallHandler.handleRequest(ServletAuthenticationCallHandler.java:57)
	at io.undertow.server.handlers.PredicateHandler.handleRequest(PredicateHandler.java:43)
	at io.undertow.security.handlers.AbstractConfidentialityHandler.handleRequest(AbstractConfidentialityHandler.java:46)
	at io.undertow.servlet.handlers.security.ServletConfidentialityConstraintHandler.handleRequest(ServletConfidentialityConstraintHandler.java:64)
	at io.undertow.security.handlers.AuthenticationMechanismsHandler.handleRequest(AuthenticationMechanismsHandler.java:60)
	at io.undertow.servlet.handlers.security.CachedAuthenticatedSessionHandler.handleRequest(CachedAuthenticatedSessionHandler.java:77)
	at io.undertow.security.handlers.AbstractSecurityContextAssociationHandler.handleRequest(AbstractSecurityContextAssociationHandler.java:43)
	at io.undertow.server.handlers.PredicateHandler.handleRequest(PredicateHandler.java:43)
	at io.undertow.server.handlers.PredicateHandler.handleRequest(PredicateHandler.java:43)
	at io.undertow.servlet.handlers.SessionRestoringHandler.handleRequest(SessionRestoringHandler.java:119)
	at io.undertow.servlet.handlers.ServletInitialHandler.handleFirstRequest(ServletInitialHandler.java:269)
	at io.undertow.servlet.handlers.ServletInitialHandler.access$100(ServletInitialHandler.java:78)
	at io.undertow.servlet.handlers.ServletInitialHandler$2.call(ServletInitialHandler.java:133)
	at io.undertow.servlet.handlers.ServletInitialHandler$2.call(ServletInitialHandler.java:130)
	at io.undertow.servlet.core.ServletRequestContextThreadSetupAction$1.call(ServletRequestContextThreadSetupAction.java:48)
	at io.undertow.servlet.core.ContextClassLoaderSetupAction$1.call(ContextClassLoaderSetupAction.java:43)
	at io.undertow.servlet.handlers.ServletInitialHandler.dispatchRequest(ServletInitialHandler.java:249)
	at io.undertow.servlet.handlers.ServletInitialHandler.access$000(ServletInitialHandler.java:78)
	at io.undertow.servlet.handlers.ServletInitialHandler$1.handleRequest(ServletInitialHandler.java:99)
	at io.undertow.server.Connectors.executeRootHandler(Connectors.java:376)
	at io.undertow.server.HttpServerExchange$1.run(HttpServerExchange.java:830)
	at java.util.concurrent.ThreadPoolExecutor.runWorker(Unknown Source)
	at java.util.concurrent.ThreadPoolExecutor$Worker.run(Unknown Source)
	at java.lang.Thread.run(Unknown Source)
Caused by: java.sql.SQLException: sql injection violation, syntax error: syntax error, error in :'TUS  where a.MESS_USER like ?  ) ro', expect RPAREN, actual WHERE pos 120, line 1, column 114, token WHERE : select * from ( select row_.*, rownum rownum_ from (  select *  from T_OA_MESSAGE_IF_DATA a order by MESSD_STATUS  where a.MESS_USER like ?  ) row_ where rownum <= 20) table_alias where table_alias.rownum_ > 0
	at com.alibaba.druid.wall.WallFilter.checkInternal(WallFilter.java:799)
	at com.alibaba.druid.wall.WallFilter.connection_prepareStatement(WallFilter.java:252)
	at com.alibaba.druid.filter.FilterChainImpl.connection_prepareStatement(FilterChainImpl.java:568)
	at com.alibaba.druid.filter.FilterAdapter.connection_prepareStatement(FilterAdapter.java:929)
	at com.alibaba.druid.filter.FilterEventAdapter.connection_prepareStatement(FilterEventAdapter.java:122)
	at com.alibaba.druid.filter.FilterChainImpl.connection_prepareStatement(FilterChainImpl.java:568)
	at com.alibaba.druid.proxy.jdbc.ConnectionProxyImpl.prepareStatement(ConnectionProxyImpl.java:342)
	at com.alibaba.druid.pool.DruidPooledConnection.prepareStatement(DruidPooledConnection.java:349)
	at com.jfinal.plugin.activerecord.DbPro.find(DbPro.java:312)
	at com.jfinal.plugin.activerecord.DbPro.doPaginateByFullSql(DbPro.java:578)
	at com.jfinal.plugin.activerecord.DbPro.doPaginate(DbPro.java:535)
	... 57 more
Caused by: com.alibaba.druid.sql.parser.ParserException: syntax error, error in :'TUS  where a.MESS_USER like ?  ) ro', expect RPAREN, actual WHERE pos 120, line 1, column 114, token WHERE
	at com.alibaba.druid.sql.parser.SQLParser.printError(SQLParser.java:284)
	at com.alibaba.druid.sql.parser.SQLParser.accept(SQLParser.java:292)
	at com.alibaba.druid.sql.dialect.oracle.parser.OracleSelectParser.parseTableSourcePrimary(OracleSelectParser.java:634)
	at com.alibaba.druid.sql.dialect.oracle.parser.OracleSelectParser.parseTableSource(OracleSelectParser.java:607)
	at com.alibaba.druid.sql.parser.SQLSelectParser.parseFrom(SQLSelectParser.java:666)
	at com.alibaba.druid.sql.dialect.oracle.parser.OracleSelectParser.query(OracleSelectParser.java:304)
	at com.alibaba.druid.sql.dialect.oracle.parser.OracleSelectParser.select(OracleSelectParser.java:75)
	at com.alibaba.druid.sql.dialect.oracle.parser.OracleSelectParser.parseTableSourcePrimary(OracleSelectParser.java:622)
	at com.alibaba.druid.sql.dialect.oracle.parser.OracleSelectParser.parseTableSource(OracleSelectParser.java:607)
	at com.alibaba.druid.sql.parser.SQLSelectParser.parseFrom(SQLSelectParser.java:666)
	at com.alibaba.druid.sql.dialect.oracle.parser.OracleSelectParser.query(OracleSelectParser.java:304)
	at com.alibaba.druid.sql.dialect.oracle.parser.OracleSelectParser.select(OracleSelectParser.java:75)
	at com.alibaba.druid.sql.dialect.oracle.parser.OracleStatementParser.parseStatementList(OracleStatementParser.java:96)
	at com.alibaba.druid.sql.parser.SQLStatementParser.parseStatementList(SQLStatementParser.java:83)
	at com.alibaba.druid.wall.WallProvider.checkInternal(WallProvider.java:624)
	at com.alibaba.druid.wall.WallProvider.check(WallProvider.java:578)
	at com.alibaba.druid.wall.WallFilter.checkInternal(WallFilter.java:786)
	... 67 more

2021-01-21 14:11:54[ERROR]-[Thread: XNIO-1 task-4]-[com.qinhailin.common.intercepor.ExceptionInterceptor.intercept()]: java.sql.SQLException: sql injection violation, syntax error: syntax error, error in :'TUS  where a.MESS_USER like ?  ) ro', expect RPAREN, actual WHERE pos 120, line 1, column 114, token WHERE : select * from ( select row_.*, rownum rownum_ from (  select *  from T_OA_MESSAGE_IF_DATA a order by MESSD_STATUS  where a.MESS_USER like ?  ) row_ where rownum <= 20) table_alias where table_alias.rownum_ > 0
com.jfinal.plugin.activerecord.ActiveRecordException: java.sql.SQLException: sql injection violation, syntax error: syntax error, error in :'TUS  where a.MESS_USER like ?  ) ro', expect RPAREN, actual WHERE pos 120, line 1, column 114, token WHERE : select * from ( select row_.*, rownum rownum_ from (  select *  from T_OA_MESSAGE_IF_DATA a order by MESSD_STATUS  where a.MESS_USER like ?  ) row_ where rownum <= 20) table_alias where table_alias.rownum_ > 0
	at com.jfinal.plugin.activerecord.DbPro.doPaginate(DbPro.java:537)
	at com.jfinal.plugin.activerecord.DbPro.paginate(DbPro.java:1303)
	at com.qinhailin.common.base.service.BaseService.getGrid(BaseService.java:350)
	at com.qinhailin.common.base.service.BaseService.queryForList(BaseService.java:248)
	at com.qinhailin.portal.meiko.oa.service.OAMessageService.page(OAMessageService.java:31)
	at com.qinhailin.portal.meiko.oa.ctr.OAController.list(OAController.java:39)
	at sun.reflect.NativeMethodAccessorImpl.invoke0(Native Method)
	at sun.reflect.NativeMethodAccessorImpl.invoke(Unknown Source)
	at sun.reflect.DelegatingMethodAccessorImpl.invoke(Unknown Source)
	at java.lang.reflect.Method.invoke(Unknown Source)
	at com.jfinal.aop.Invocation.invoke(Invocation.java:97)
	at com.qinhailin.common.intercepor.LoggerInterceptor.intercept(LoggerInterceptor.java:49)
	at com.jfinal.aop.Invocation.invoke(Invocation.java:91)
	at com.qinhailin.common.intercepor.TokenInterceptor.intercept(TokenInterceptor.java:61)
	at com.jfinal.aop.Invocation.invoke(Invocation.java:91)
	at com.qinhailin.common.intercepor.ExceptionInterceptor.intercept(ExceptionInterceptor.java:44)
	at com.jfinal.aop.Invocation.invoke(Invocation.java:91)
	at com.qinhailin.common.intercepor.SessionInterceptor.intercept(SessionInterceptor.java:115)
	at com.jfinal.aop.Invocation.invoke(Invocation.java:91)
	at com.jfinal.ext.interceptor.SessionInViewInterceptor.intercept(SessionInViewInterceptor.java:44)
	at com.jfinal.aop.Invocation.invoke(Invocation.java:91)
	at com.jfinal.core.ActionHandler.handle(ActionHandler.java:89)
	at com.qinhailin.common.safe.XssHandler.handle(XssHandler.java:55)
	at com.qinhailin.common.handler.CommonHandler.handle(CommonHandler.java:69)
	at com.jfinal.plugin.druid.DruidStatViewHandler.handle(DruidStatViewHandler.java:81)
	at com.jfinal.core.JFinalFilter.doFilter(JFinalFilter.java:90)
	at io.undertow.servlet.core.ManagedFilter.doFilter(ManagedFilter.java:61)
	at io.undertow.servlet.handlers.FilterHandler$FilterChainImpl.doFilter(FilterHandler.java:131)
	at io.undertow.servlet.handlers.FilterHandler.handleRequest(FilterHandler.java:84)
	at io.undertow.servlet.handlers.security.ServletSecurityRoleHandler.handleRequest(ServletSecurityRoleHandler.java:62)
	at io.undertow.servlet.handlers.ServletChain$1.handleRequest(ServletChain.java:68)
	at io.undertow.servlet.handlers.ServletDispatchingHandler.handleRequest(ServletDispatchingHandler.java:36)
	at io.undertow.servlet.handlers.RedirectDirHandler.handleRequest(RedirectDirHandler.java:68)
	at io.undertow.servlet.handlers.security.SSLInformationAssociationHandler.handleRequest(SSLInformationAssociationHandler.java:132)
	at io.undertow.servlet.handlers.security.ServletAuthenticationCallHandler.handleRequest(ServletAuthenticationCallHandler.java:57)
	at io.undertow.server.handlers.PredicateHandler.handleRequest(PredicateHandler.java:43)
	at io.undertow.security.handlers.AbstractConfidentialityHandler.handleRequest(AbstractConfidentialityHandler.java:46)
	at io.undertow.servlet.handlers.security.ServletConfidentialityConstraintHandler.handleRequest(ServletConfidentialityConstraintHandler.java:64)
	at io.undertow.security.handlers.AuthenticationMechanismsHandler.handleRequest(AuthenticationMechanismsHandler.java:60)
	at io.undertow.servlet.handlers.security.CachedAuthenticatedSessionHandler.handleRequest(CachedAuthenticatedSessionHandler.java:77)
	at io.undertow.security.handlers.AbstractSecurityContextAssociationHandler.handleRequest(AbstractSecurityContextAssociationHandler.java:43)
	at io.undertow.server.handlers.PredicateHandler.handleRequest(PredicateHandler.java:43)
	at io.undertow.server.handlers.PredicateHandler.handleRequest(PredicateHandler.java:43)
	at io.undertow.servlet.handlers.SessionRestoringHandler.handleRequest(SessionRestoringHandler.java:119)
	at io.undertow.servlet.handlers.ServletInitialHandler.handleFirstRequest(ServletInitialHandler.java:269)
	at io.undertow.servlet.handlers.ServletInitialHandler.access$100(ServletInitialHandler.java:78)
	at io.undertow.servlet.handlers.ServletInitialHandler$2.call(ServletInitialHandler.java:133)
	at io.undertow.servlet.handlers.ServletInitialHandler$2.call(ServletInitialHandler.java:130)
	at io.undertow.servlet.core.ServletRequestContextThreadSetupAction$1.call(ServletRequestContextThreadSetupAction.java:48)
	at io.undertow.servlet.core.ContextClassLoaderSetupAction$1.call(ContextClassLoaderSetupAction.java:43)
	at io.undertow.servlet.handlers.ServletInitialHandler.dispatchRequest(ServletInitialHandler.java:249)
	at io.undertow.servlet.handlers.ServletInitialHandler.access$000(ServletInitialHandler.java:78)
	at io.undertow.servlet.handlers.ServletInitialHandler$1.handleRequest(ServletInitialHandler.java:99)
	at io.undertow.server.Connectors.executeRootHandler(Connectors.java:376)
	at io.undertow.server.HttpServerExchange$1.run(HttpServerExchange.java:830)
	at java.util.concurrent.ThreadPoolExecutor.runWorker(Unknown Source)
	at java.util.concurrent.ThreadPoolExecutor$Worker.run(Unknown Source)
	at java.lang.Thread.run(Unknown Source)
Caused by: java.sql.SQLException: sql injection violation, syntax error: syntax error, error in :'TUS  where a.MESS_USER like ?  ) ro', expect RPAREN, actual WHERE pos 120, line 1, column 114, token WHERE : select * from ( select row_.*, rownum rownum_ from (  select *  from T_OA_MESSAGE_IF_DATA a order by MESSD_STATUS  where a.MESS_USER like ?  ) row_ where rownum <= 20) table_alias where table_alias.rownum_ > 0
	at com.alibaba.druid.wall.WallFilter.checkInternal(WallFilter.java:799)
	at com.alibaba.druid.wall.WallFilter.connection_prepareStatement(WallFilter.java:252)
	at com.alibaba.druid.filter.FilterChainImpl.connection_prepareStatement(FilterChainImpl.java:568)
	at com.alibaba.druid.filter.FilterAdapter.connection_prepareStatement(FilterAdapter.java:929)
	at com.alibaba.druid.filter.FilterEventAdapter.connection_prepareStatement(FilterEventAdapter.java:122)
	at com.alibaba.druid.filter.FilterChainImpl.connection_prepareStatement(FilterChainImpl.java:568)
	at com.alibaba.druid.proxy.jdbc.ConnectionProxyImpl.prepareStatement(ConnectionProxyImpl.java:342)
	at com.alibaba.druid.pool.DruidPooledConnection.prepareStatement(DruidPooledConnection.java:349)
	at com.jfinal.plugin.activerecord.DbPro.find(DbPro.java:312)
	at com.jfinal.plugin.activerecord.DbPro.doPaginateByFullSql(DbPro.java:578)
	at com.jfinal.plugin.activerecord.DbPro.doPaginate(DbPro.java:535)
	... 57 more
Caused by: com.alibaba.druid.sql.parser.ParserException: syntax error, error in :'TUS  where a.MESS_USER like ?  ) ro', expect RPAREN, actual WHERE pos 120, line 1, column 114, token WHERE
	at com.alibaba.druid.sql.parser.SQLParser.printError(SQLParser.java:284)
	at com.alibaba.druid.sql.parser.SQLParser.accept(SQLParser.java:292)
	at com.alibaba.druid.sql.dialect.oracle.parser.OracleSelectParser.parseTableSourcePrimary(OracleSelectParser.java:634)
	at com.alibaba.druid.sql.dialect.oracle.parser.OracleSelectParser.parseTableSource(OracleSelectParser.java:607)
	at com.alibaba.druid.sql.parser.SQLSelectParser.parseFrom(SQLSelectParser.java:666)
	at com.alibaba.druid.sql.dialect.oracle.parser.OracleSelectParser.query(OracleSelectParser.java:304)
	at com.alibaba.druid.sql.dialect.oracle.parser.OracleSelectParser.select(OracleSelectParser.java:75)
	at com.alibaba.druid.sql.dialect.oracle.parser.OracleSelectParser.parseTableSourcePrimary(OracleSelectParser.java:622)
	at com.alibaba.druid.sql.dialect.oracle.parser.OracleSelectParser.parseTableSource(OracleSelectParser.java:607)
	at com.alibaba.druid.sql.parser.SQLSelectParser.parseFrom(SQLSelectParser.java:666)
	at com.alibaba.druid.sql.dialect.oracle.parser.OracleSelectParser.query(OracleSelectParser.java:304)
	at com.alibaba.druid.sql.dialect.oracle.parser.OracleSelectParser.select(OracleSelectParser.java:75)
	at com.alibaba.druid.sql.dialect.oracle.parser.OracleStatementParser.parseStatementList(OracleStatementParser.java:96)
	at com.alibaba.druid.sql.parser.SQLStatementParser.parseStatementList(SQLStatementParser.java:83)
	at com.alibaba.druid.wall.WallProvider.checkInternal(WallProvider.java:624)
	at com.alibaba.druid.wall.WallProvider.check(WallProvider.java:578)
	at com.alibaba.druid.wall.WallFilter.checkInternal(WallFilter.java:786)
	... 67 more

2021-01-21 14:11:56[ERROR]-[Thread: XNIO-1 task-1]-[com.qinhailin.common.intercepor.ExceptionInterceptor.intercept()]: java.sql.SQLException: sql injection violation, syntax error: syntax error, error in :'TUS  where a.MESS_USER like ?  ) ro', expect RPAREN, actual WHERE pos 120, line 1, column 114, token WHERE : select * from ( select row_.*, rownum rownum_ from (  select *  from T_OA_MESSAGE_IF_DATA a order by MESSD_STATUS  where a.MESS_USER like ?  ) row_ where rownum <= 20) table_alias where table_alias.rownum_ > 0
com.jfinal.plugin.activerecord.ActiveRecordException: java.sql.SQLException: sql injection violation, syntax error: syntax error, error in :'TUS  where a.MESS_USER like ?  ) ro', expect RPAREN, actual WHERE pos 120, line 1, column 114, token WHERE : select * from ( select row_.*, rownum rownum_ from (  select *  from T_OA_MESSAGE_IF_DATA a order by MESSD_STATUS  where a.MESS_USER like ?  ) row_ where rownum <= 20) table_alias where table_alias.rownum_ > 0
	at com.jfinal.plugin.activerecord.DbPro.doPaginate(DbPro.java:537)
	at com.jfinal.plugin.activerecord.DbPro.paginate(DbPro.java:1303)
	at com.qinhailin.common.base.service.BaseService.getGrid(BaseService.java:350)
	at com.qinhailin.common.base.service.BaseService.queryForList(BaseService.java:248)
	at com.qinhailin.portal.meiko.oa.service.OAMessageService.page(OAMessageService.java:31)
	at com.qinhailin.portal.meiko.oa.ctr.OAController.list(OAController.java:39)
	at sun.reflect.NativeMethodAccessorImpl.invoke0(Native Method)
	at sun.reflect.NativeMethodAccessorImpl.invoke(Unknown Source)
	at sun.reflect.DelegatingMethodAccessorImpl.invoke(Unknown Source)
	at java.lang.reflect.Method.invoke(Unknown Source)
	at com.jfinal.aop.Invocation.invoke(Invocation.java:97)
	at com.qinhailin.common.intercepor.LoggerInterceptor.intercept(LoggerInterceptor.java:49)
	at com.jfinal.aop.Invocation.invoke(Invocation.java:91)
	at com.qinhailin.common.intercepor.TokenInterceptor.intercept(TokenInterceptor.java:61)
	at com.jfinal.aop.Invocation.invoke(Invocation.java:91)
	at com.qinhailin.common.intercepor.ExceptionInterceptor.intercept(ExceptionInterceptor.java:44)
	at com.jfinal.aop.Invocation.invoke(Invocation.java:91)
	at com.qinhailin.common.intercepor.SessionInterceptor.intercept(SessionInterceptor.java:115)
	at com.jfinal.aop.Invocation.invoke(Invocation.java:91)
	at com.jfinal.ext.interceptor.SessionInViewInterceptor.intercept(SessionInViewInterceptor.java:44)
	at com.jfinal.aop.Invocation.invoke(Invocation.java:91)
	at com.jfinal.core.ActionHandler.handle(ActionHandler.java:89)
	at com.qinhailin.common.safe.XssHandler.handle(XssHandler.java:55)
	at com.qinhailin.common.handler.CommonHandler.handle(CommonHandler.java:69)
	at com.jfinal.plugin.druid.DruidStatViewHandler.handle(DruidStatViewHandler.java:81)
	at com.jfinal.core.JFinalFilter.doFilter(JFinalFilter.java:90)
	at io.undertow.servlet.core.ManagedFilter.doFilter(ManagedFilter.java:61)
	at io.undertow.servlet.handlers.FilterHandler$FilterChainImpl.doFilter(FilterHandler.java:131)
	at io.undertow.servlet.handlers.FilterHandler.handleRequest(FilterHandler.java:84)
	at io.undertow.servlet.handlers.security.ServletSecurityRoleHandler.handleRequest(ServletSecurityRoleHandler.java:62)
	at io.undertow.servlet.handlers.ServletChain$1.handleRequest(ServletChain.java:68)
	at io.undertow.servlet.handlers.ServletDispatchingHandler.handleRequest(ServletDispatchingHandler.java:36)
	at io.undertow.servlet.handlers.RedirectDirHandler.handleRequest(RedirectDirHandler.java:68)
	at io.undertow.servlet.handlers.security.SSLInformationAssociationHandler.handleRequest(SSLInformationAssociationHandler.java:132)
	at io.undertow.servlet.handlers.security.ServletAuthenticationCallHandler.handleRequest(ServletAuthenticationCallHandler.java:57)
	at io.undertow.server.handlers.PredicateHandler.handleRequest(PredicateHandler.java:43)
	at io.undertow.security.handlers.AbstractConfidentialityHandler.handleRequest(AbstractConfidentialityHandler.java:46)
	at io.undertow.servlet.handlers.security.ServletConfidentialityConstraintHandler.handleRequest(ServletConfidentialityConstraintHandler.java:64)
	at io.undertow.security.handlers.AuthenticationMechanismsHandler.handleRequest(AuthenticationMechanismsHandler.java:60)
	at io.undertow.servlet.handlers.security.CachedAuthenticatedSessionHandler.handleRequest(CachedAuthenticatedSessionHandler.java:77)
	at io.undertow.security.handlers.AbstractSecurityContextAssociationHandler.handleRequest(AbstractSecurityContextAssociationHandler.java:43)
	at io.undertow.server.handlers.PredicateHandler.handleRequest(PredicateHandler.java:43)
	at io.undertow.server.handlers.PredicateHandler.handleRequest(PredicateHandler.java:43)
	at io.undertow.servlet.handlers.SessionRestoringHandler.handleRequest(SessionRestoringHandler.java:119)
	at io.undertow.servlet.handlers.ServletInitialHandler.handleFirstRequest(ServletInitialHandler.java:269)
	at io.undertow.servlet.handlers.ServletInitialHandler.access$100(ServletInitialHandler.java:78)
	at io.undertow.servlet.handlers.ServletInitialHandler$2.call(ServletInitialHandler.java:133)
	at io.undertow.servlet.handlers.ServletInitialHandler$2.call(ServletInitialHandler.java:130)
	at io.undertow.servlet.core.ServletRequestContextThreadSetupAction$1.call(ServletRequestContextThreadSetupAction.java:48)
	at io.undertow.servlet.core.ContextClassLoaderSetupAction$1.call(ContextClassLoaderSetupAction.java:43)
	at io.undertow.servlet.handlers.ServletInitialHandler.dispatchRequest(ServletInitialHandler.java:249)
	at io.undertow.servlet.handlers.ServletInitialHandler.access$000(ServletInitialHandler.java:78)
	at io.undertow.servlet.handlers.ServletInitialHandler$1.handleRequest(ServletInitialHandler.java:99)
	at io.undertow.server.Connectors.executeRootHandler(Connectors.java:376)
	at io.undertow.server.HttpServerExchange$1.run(HttpServerExchange.java:830)
	at java.util.concurrent.ThreadPoolExecutor.runWorker(Unknown Source)
	at java.util.concurrent.ThreadPoolExecutor$Worker.run(Unknown Source)
	at java.lang.Thread.run(Unknown Source)
Caused by: java.sql.SQLException: sql injection violation, syntax error: syntax error, error in :'TUS  where a.MESS_USER like ?  ) ro', expect RPAREN, actual WHERE pos 120, line 1, column 114, token WHERE : select * from ( select row_.*, rownum rownum_ from (  select *  from T_OA_MESSAGE_IF_DATA a order by MESSD_STATUS  where a.MESS_USER like ?  ) row_ where rownum <= 20) table_alias where table_alias.rownum_ > 0
	at com.alibaba.druid.wall.WallFilter.checkInternal(WallFilter.java:799)
	at com.alibaba.druid.wall.WallFilter.connection_prepareStatement(WallFilter.java:252)
	at com.alibaba.druid.filter.FilterChainImpl.connection_prepareStatement(FilterChainImpl.java:568)
	at com.alibaba.druid.filter.FilterAdapter.connection_prepareStatement(FilterAdapter.java:929)
	at com.alibaba.druid.filter.FilterEventAdapter.connection_prepareStatement(FilterEventAdapter.java:122)
	at com.alibaba.druid.filter.FilterChainImpl.connection_prepareStatement(FilterChainImpl.java:568)
	at com.alibaba.druid.proxy.jdbc.ConnectionProxyImpl.prepareStatement(ConnectionProxyImpl.java:342)
	at com.alibaba.druid.pool.DruidPooledConnection.prepareStatement(DruidPooledConnection.java:349)
	at com.jfinal.plugin.activerecord.DbPro.find(DbPro.java:312)
	at com.jfinal.plugin.activerecord.DbPro.doPaginateByFullSql(DbPro.java:578)
	at com.jfinal.plugin.activerecord.DbPro.doPaginate(DbPro.java:535)
	... 57 more
Caused by: com.alibaba.druid.sql.parser.ParserException: syntax error, error in :'TUS  where a.MESS_USER like ?  ) ro', expect RPAREN, actual WHERE pos 120, line 1, column 114, token WHERE
	at com.alibaba.druid.sql.parser.SQLParser.printError(SQLParser.java:284)
	at com.alibaba.druid.sql.parser.SQLParser.accept(SQLParser.java:292)
	at com.alibaba.druid.sql.dialect.oracle.parser.OracleSelectParser.parseTableSourcePrimary(OracleSelectParser.java:634)
	at com.alibaba.druid.sql.dialect.oracle.parser.OracleSelectParser.parseTableSource(OracleSelectParser.java:607)
	at com.alibaba.druid.sql.parser.SQLSelectParser.parseFrom(SQLSelectParser.java:666)
	at com.alibaba.druid.sql.dialect.oracle.parser.OracleSelectParser.query(OracleSelectParser.java:304)
	at com.alibaba.druid.sql.dialect.oracle.parser.OracleSelectParser.select(OracleSelectParser.java:75)
	at com.alibaba.druid.sql.dialect.oracle.parser.OracleSelectParser.parseTableSourcePrimary(OracleSelectParser.java:622)
	at com.alibaba.druid.sql.dialect.oracle.parser.OracleSelectParser.parseTableSource(OracleSelectParser.java:607)
	at com.alibaba.druid.sql.parser.SQLSelectParser.parseFrom(SQLSelectParser.java:666)
	at com.alibaba.druid.sql.dialect.oracle.parser.OracleSelectParser.query(OracleSelectParser.java:304)
	at com.alibaba.druid.sql.dialect.oracle.parser.OracleSelectParser.select(OracleSelectParser.java:75)
	at com.alibaba.druid.sql.dialect.oracle.parser.OracleStatementParser.parseStatementList(OracleStatementParser.java:96)
	at com.alibaba.druid.sql.parser.SQLStatementParser.parseStatementList(SQLStatementParser.java:83)
	at com.alibaba.druid.wall.WallProvider.checkInternal(WallProvider.java:624)
	at com.alibaba.druid.wall.WallProvider.check(WallProvider.java:578)
	at com.alibaba.druid.wall.WallFilter.checkInternal(WallFilter.java:786)
	... 67 more

2021-01-21 14:30:27[INFO]-[Thread: main]-[com.alibaba.druid.pool.DruidDataSource.init()]: {dataSource-1,mysql} inited

2021-01-21 14:30:27[INFO]-[Thread: main]-[com.alibaba.druid.pool.DruidDataSource.init()]: {dataSource-2,oracle} inited

2021-01-21 14:30:28[INFO]-[Thread: main]-[io.undertow.Undertow.start()]: starting server: Undertow - 2.0.28.Final

2021-01-21 14:30:28[INFO]-[Thread: main]-[org.xnio.Xnio.<clinit>()]: XNIO version 3.3.8.Final

2021-01-21 14:30:28[INFO]-[Thread: main]-[org.xnio.nio.NioXnio.<clinit>()]: XNIO NIO Implementation Version 3.3.8.Final

2021-01-21 14:30:46[ERROR]-[Thread: XNIO-1 task-1]-[com.qinhailin.common.intercepor.ExceptionInterceptor.intercept()]: java.sql.SQLException: sql injection violation, syntax error: syntax error, error in :'TUS  where a.MESS_USER like ?  ) ro', expect RPAREN, actual WHERE pos 120, line 1, column 114, token WHERE : select * from ( select row_.*, rownum rownum_ from (  select *  from T_OA_MESSAGE_IF_DATA a order by MESSD_STATUS  where a.MESS_USER like ?  ) row_ where rownum <= 20) table_alias where table_alias.rownum_ > 0
com.jfinal.plugin.activerecord.ActiveRecordException: java.sql.SQLException: sql injection violation, syntax error: syntax error, error in :'TUS  where a.MESS_USER like ?  ) ro', expect RPAREN, actual WHERE pos 120, line 1, column 114, token WHERE : select * from ( select row_.*, rownum rownum_ from (  select *  from T_OA_MESSAGE_IF_DATA a order by MESSD_STATUS  where a.MESS_USER like ?  ) row_ where rownum <= 20) table_alias where table_alias.rownum_ > 0
	at com.jfinal.plugin.activerecord.DbPro.doPaginate(DbPro.java:537)
	at com.jfinal.plugin.activerecord.DbPro.paginate(DbPro.java:1303)
	at com.qinhailin.common.base.service.BaseService.getGrid(BaseService.java:350)
	at com.qinhailin.common.base.service.BaseService.queryForList(BaseService.java:248)
	at com.qinhailin.portal.meiko.oa.service.OAMessageService.page(OAMessageService.java:35)
	at com.qinhailin.portal.meiko.oa.ctr.OAController.list(OAController.java:39)
	at sun.reflect.NativeMethodAccessorImpl.invoke0(Native Method)
	at sun.reflect.NativeMethodAccessorImpl.invoke(Unknown Source)
	at sun.reflect.DelegatingMethodAccessorImpl.invoke(Unknown Source)
	at java.lang.reflect.Method.invoke(Unknown Source)
	at com.jfinal.aop.Invocation.invoke(Invocation.java:97)
	at com.qinhailin.common.intercepor.LoggerInterceptor.intercept(LoggerInterceptor.java:49)
	at com.jfinal.aop.Invocation.invoke(Invocation.java:91)
	at com.qinhailin.common.intercepor.TokenInterceptor.intercept(TokenInterceptor.java:61)
	at com.jfinal.aop.Invocation.invoke(Invocation.java:91)
	at com.qinhailin.common.intercepor.ExceptionInterceptor.intercept(ExceptionInterceptor.java:44)
	at com.jfinal.aop.Invocation.invoke(Invocation.java:91)
	at com.qinhailin.common.intercepor.SessionInterceptor.intercept(SessionInterceptor.java:115)
	at com.jfinal.aop.Invocation.invoke(Invocation.java:91)
	at com.jfinal.ext.interceptor.SessionInViewInterceptor.intercept(SessionInViewInterceptor.java:44)
	at com.jfinal.aop.Invocation.invoke(Invocation.java:91)
	at com.jfinal.core.ActionHandler.handle(ActionHandler.java:89)
	at com.qinhailin.common.safe.XssHandler.handle(XssHandler.java:55)
	at com.qinhailin.common.handler.CommonHandler.handle(CommonHandler.java:69)
	at com.jfinal.plugin.druid.DruidStatViewHandler.handle(DruidStatViewHandler.java:81)
	at com.jfinal.core.JFinalFilter.doFilter(JFinalFilter.java:90)
	at io.undertow.servlet.core.ManagedFilter.doFilter(ManagedFilter.java:61)
	at io.undertow.servlet.handlers.FilterHandler$FilterChainImpl.doFilter(FilterHandler.java:131)
	at io.undertow.servlet.handlers.FilterHandler.handleRequest(FilterHandler.java:84)
	at io.undertow.servlet.handlers.security.ServletSecurityRoleHandler.handleRequest(ServletSecurityRoleHandler.java:62)
	at io.undertow.servlet.handlers.ServletChain$1.handleRequest(ServletChain.java:68)
	at io.undertow.servlet.handlers.ServletDispatchingHandler.handleRequest(ServletDispatchingHandler.java:36)
	at io.undertow.servlet.handlers.RedirectDirHandler.handleRequest(RedirectDirHandler.java:68)
	at io.undertow.servlet.handlers.security.SSLInformationAssociationHandler.handleRequest(SSLInformationAssociationHandler.java:132)
	at io.undertow.servlet.handlers.security.ServletAuthenticationCallHandler.handleRequest(ServletAuthenticationCallHandler.java:57)
	at io.undertow.server.handlers.PredicateHandler.handleRequest(PredicateHandler.java:43)
	at io.undertow.security.handlers.AbstractConfidentialityHandler.handleRequest(AbstractConfidentialityHandler.java:46)
	at io.undertow.servlet.handlers.security.ServletConfidentialityConstraintHandler.handleRequest(ServletConfidentialityConstraintHandler.java:64)
	at io.undertow.security.handlers.AuthenticationMechanismsHandler.handleRequest(AuthenticationMechanismsHandler.java:60)
	at io.undertow.servlet.handlers.security.CachedAuthenticatedSessionHandler.handleRequest(CachedAuthenticatedSessionHandler.java:77)
	at io.undertow.security.handlers.AbstractSecurityContextAssociationHandler.handleRequest(AbstractSecurityContextAssociationHandler.java:43)
	at io.undertow.server.handlers.PredicateHandler.handleRequest(PredicateHandler.java:43)
	at io.undertow.server.handlers.PredicateHandler.handleRequest(PredicateHandler.java:43)
	at io.undertow.servlet.handlers.SessionRestoringHandler.handleRequest(SessionRestoringHandler.java:119)
	at io.undertow.servlet.handlers.ServletInitialHandler.handleFirstRequest(ServletInitialHandler.java:269)
	at io.undertow.servlet.handlers.ServletInitialHandler.access$100(ServletInitialHandler.java:78)
	at io.undertow.servlet.handlers.ServletInitialHandler$2.call(ServletInitialHandler.java:133)
	at io.undertow.servlet.handlers.ServletInitialHandler$2.call(ServletInitialHandler.java:130)
	at io.undertow.servlet.core.ServletRequestContextThreadSetupAction$1.call(ServletRequestContextThreadSetupAction.java:48)
	at io.undertow.servlet.core.ContextClassLoaderSetupAction$1.call(ContextClassLoaderSetupAction.java:43)
	at io.undertow.servlet.handlers.ServletInitialHandler.dispatchRequest(ServletInitialHandler.java:249)
	at io.undertow.servlet.handlers.ServletInitialHandler.access$000(ServletInitialHandler.java:78)
	at io.undertow.servlet.handlers.ServletInitialHandler$1.handleRequest(ServletInitialHandler.java:99)
	at io.undertow.server.Connectors.executeRootHandler(Connectors.java:376)
	at io.undertow.server.HttpServerExchange$1.run(HttpServerExchange.java:830)
	at java.util.concurrent.ThreadPoolExecutor.runWorker(Unknown Source)
	at java.util.concurrent.ThreadPoolExecutor$Worker.run(Unknown Source)
	at java.lang.Thread.run(Unknown Source)
Caused by: java.sql.SQLException: sql injection violation, syntax error: syntax error, error in :'TUS  where a.MESS_USER like ?  ) ro', expect RPAREN, actual WHERE pos 120, line 1, column 114, token WHERE : select * from ( select row_.*, rownum rownum_ from (  select *  from T_OA_MESSAGE_IF_DATA a order by MESSD_STATUS  where a.MESS_USER like ?  ) row_ where rownum <= 20) table_alias where table_alias.rownum_ > 0
	at com.alibaba.druid.wall.WallFilter.checkInternal(WallFilter.java:799)
	at com.alibaba.druid.wall.WallFilter.connection_prepareStatement(WallFilter.java:252)
	at com.alibaba.druid.filter.FilterChainImpl.connection_prepareStatement(FilterChainImpl.java:568)
	at com.alibaba.druid.filter.FilterAdapter.connection_prepareStatement(FilterAdapter.java:929)
	at com.alibaba.druid.filter.FilterEventAdapter.connection_prepareStatement(FilterEventAdapter.java:122)
	at com.alibaba.druid.filter.FilterChainImpl.connection_prepareStatement(FilterChainImpl.java:568)
	at com.alibaba.druid.proxy.jdbc.ConnectionProxyImpl.prepareStatement(ConnectionProxyImpl.java:342)
	at com.alibaba.druid.pool.DruidPooledConnection.prepareStatement(DruidPooledConnection.java:349)
	at com.jfinal.plugin.activerecord.DbPro.find(DbPro.java:312)
	at com.jfinal.plugin.activerecord.DbPro.doPaginateByFullSql(DbPro.java:578)
	at com.jfinal.plugin.activerecord.DbPro.doPaginate(DbPro.java:535)
	... 57 more
Caused by: com.alibaba.druid.sql.parser.ParserException: syntax error, error in :'TUS  where a.MESS_USER like ?  ) ro', expect RPAREN, actual WHERE pos 120, line 1, column 114, token WHERE
	at com.alibaba.druid.sql.parser.SQLParser.printError(SQLParser.java:284)
	at com.alibaba.druid.sql.parser.SQLParser.accept(SQLParser.java:292)
	at com.alibaba.druid.sql.dialect.oracle.parser.OracleSelectParser.parseTableSourcePrimary(OracleSelectParser.java:634)
	at com.alibaba.druid.sql.dialect.oracle.parser.OracleSelectParser.parseTableSource(OracleSelectParser.java:607)
	at com.alibaba.druid.sql.parser.SQLSelectParser.parseFrom(SQLSelectParser.java:666)
	at com.alibaba.druid.sql.dialect.oracle.parser.OracleSelectParser.query(OracleSelectParser.java:304)
	at com.alibaba.druid.sql.dialect.oracle.parser.OracleSelectParser.select(OracleSelectParser.java:75)
	at com.alibaba.druid.sql.dialect.oracle.parser.OracleSelectParser.parseTableSourcePrimary(OracleSelectParser.java:622)
	at com.alibaba.druid.sql.dialect.oracle.parser.OracleSelectParser.parseTableSource(OracleSelectParser.java:607)
	at com.alibaba.druid.sql.parser.SQLSelectParser.parseFrom(SQLSelectParser.java:666)
	at com.alibaba.druid.sql.dialect.oracle.parser.OracleSelectParser.query(OracleSelectParser.java:304)
	at com.alibaba.druid.sql.dialect.oracle.parser.OracleSelectParser.select(OracleSelectParser.java:75)
	at com.alibaba.druid.sql.dialect.oracle.parser.OracleStatementParser.parseStatementList(OracleStatementParser.java:96)
	at com.alibaba.druid.sql.parser.SQLStatementParser.parseStatementList(SQLStatementParser.java:83)
	at com.alibaba.druid.wall.WallProvider.checkInternal(WallProvider.java:624)
	at com.alibaba.druid.wall.WallProvider.check(WallProvider.java:578)
	at com.alibaba.druid.wall.WallFilter.checkInternal(WallFilter.java:786)
	... 67 more

2021-01-21 14:37:02[INFO]-[Thread: main]-[com.alibaba.druid.pool.DruidDataSource.init()]: {dataSource-1,mysql} inited

2021-01-21 14:37:03[INFO]-[Thread: main]-[com.alibaba.druid.pool.DruidDataSource.init()]: {dataSource-2,oracle} inited

2021-01-21 14:37:04[INFO]-[Thread: main]-[io.undertow.Undertow.start()]: starting server: Undertow - 2.0.28.Final

2021-01-21 14:37:04[INFO]-[Thread: main]-[org.xnio.Xnio.<clinit>()]: XNIO version 3.3.8.Final

2021-01-21 14:37:04[INFO]-[Thread: main]-[org.xnio.nio.NioXnio.<clinit>()]: XNIO NIO Implementation Version 3.3.8.Final

2021-01-21 14:37:16[ERROR]-[Thread: XNIO-1 task-4]-[com.qinhailin.common.intercepor.ExceptionInterceptor.intercept()]: java.sql.SQLException: sql injection violation, multi-statement not allow : select count(*) from T_OA_MESSAGE_IF_DATA a  MESSD_STATUS
com.jfinal.plugin.activerecord.ActiveRecordException: java.sql.SQLException: sql injection violation, multi-statement not allow : select count(*) from T_OA_MESSAGE_IF_DATA a  MESSD_STATUS
	at com.jfinal.plugin.activerecord.DbPro.doPaginate(DbPro.java:537)
	at com.jfinal.plugin.activerecord.DbPro.paginate(DbPro.java:1303)
	at com.qinhailin.common.base.service.BaseService.getGrid(BaseService.java:350)
	at com.qinhailin.common.base.service.BaseService.queryForList(BaseService.java:248)
	at com.qinhailin.portal.meiko.oa.service.OAMessageService.page(OAMessageService.java:32)
	at com.qinhailin.portal.meiko.oa.ctr.OAController.list(OAController.java:39)
	at sun.reflect.NativeMethodAccessorImpl.invoke0(Native Method)
	at sun.reflect.NativeMethodAccessorImpl.invoke(Unknown Source)
	at sun.reflect.DelegatingMethodAccessorImpl.invoke(Unknown Source)
	at java.lang.reflect.Method.invoke(Unknown Source)
	at com.jfinal.aop.Invocation.invoke(Invocation.java:97)
	at com.qinhailin.common.intercepor.LoggerInterceptor.intercept(LoggerInterceptor.java:49)
	at com.jfinal.aop.Invocation.invoke(Invocation.java:91)
	at com.qinhailin.common.intercepor.TokenInterceptor.intercept(TokenInterceptor.java:61)
	at com.jfinal.aop.Invocation.invoke(Invocation.java:91)
	at com.qinhailin.common.intercepor.ExceptionInterceptor.intercept(ExceptionInterceptor.java:44)
	at com.jfinal.aop.Invocation.invoke(Invocation.java:91)
	at com.qinhailin.common.intercepor.SessionInterceptor.intercept(SessionInterceptor.java:115)
	at com.jfinal.aop.Invocation.invoke(Invocation.java:91)
	at com.jfinal.ext.interceptor.SessionInViewInterceptor.intercept(SessionInViewInterceptor.java:44)
	at com.jfinal.aop.Invocation.invoke(Invocation.java:91)
	at com.jfinal.core.ActionHandler.handle(ActionHandler.java:89)
	at com.qinhailin.common.safe.XssHandler.handle(XssHandler.java:55)
	at com.qinhailin.common.handler.CommonHandler.handle(CommonHandler.java:69)
	at com.jfinal.plugin.druid.DruidStatViewHandler.handle(DruidStatViewHandler.java:81)
	at com.jfinal.core.JFinalFilter.doFilter(JFinalFilter.java:90)
	at io.undertow.servlet.core.ManagedFilter.doFilter(ManagedFilter.java:61)
	at io.undertow.servlet.handlers.FilterHandler$FilterChainImpl.doFilter(FilterHandler.java:131)
	at io.undertow.servlet.handlers.FilterHandler.handleRequest(FilterHandler.java:84)
	at io.undertow.servlet.handlers.security.ServletSecurityRoleHandler.handleRequest(ServletSecurityRoleHandler.java:62)
	at io.undertow.servlet.handlers.ServletChain$1.handleRequest(ServletChain.java:68)
	at io.undertow.servlet.handlers.ServletDispatchingHandler.handleRequest(ServletDispatchingHandler.java:36)
	at io.undertow.servlet.handlers.RedirectDirHandler.handleRequest(RedirectDirHandler.java:68)
	at io.undertow.servlet.handlers.security.SSLInformationAssociationHandler.handleRequest(SSLInformationAssociationHandler.java:132)
	at io.undertow.servlet.handlers.security.ServletAuthenticationCallHandler.handleRequest(ServletAuthenticationCallHandler.java:57)
	at io.undertow.server.handlers.PredicateHandler.handleRequest(PredicateHandler.java:43)
	at io.undertow.security.handlers.AbstractConfidentialityHandler.handleRequest(AbstractConfidentialityHandler.java:46)
	at io.undertow.servlet.handlers.security.ServletConfidentialityConstraintHandler.handleRequest(ServletConfidentialityConstraintHandler.java:64)
	at io.undertow.security.handlers.AuthenticationMechanismsHandler.handleRequest(AuthenticationMechanismsHandler.java:60)
	at io.undertow.servlet.handlers.security.CachedAuthenticatedSessionHandler.handleRequest(CachedAuthenticatedSessionHandler.java:77)
	at io.undertow.security.handlers.AbstractSecurityContextAssociationHandler.handleRequest(AbstractSecurityContextAssociationHandler.java:43)
	at io.undertow.server.handlers.PredicateHandler.handleRequest(PredicateHandler.java:43)
	at io.undertow.server.handlers.PredicateHandler.handleRequest(PredicateHandler.java:43)
	at io.undertow.servlet.handlers.SessionRestoringHandler.handleRequest(SessionRestoringHandler.java:119)
	at io.undertow.servlet.handlers.ServletInitialHandler.handleFirstRequest(ServletInitialHandler.java:269)
	at io.undertow.servlet.handlers.ServletInitialHandler.access$100(ServletInitialHandler.java:78)
	at io.undertow.servlet.handlers.ServletInitialHandler$2.call(ServletInitialHandler.java:133)
	at io.undertow.servlet.handlers.ServletInitialHandler$2.call(ServletInitialHandler.java:130)
	at io.undertow.servlet.core.ServletRequestContextThreadSetupAction$1.call(ServletRequestContextThreadSetupAction.java:48)
	at io.undertow.servlet.core.ContextClassLoaderSetupAction$1.call(ContextClassLoaderSetupAction.java:43)
	at io.undertow.servlet.handlers.ServletInitialHandler.dispatchRequest(ServletInitialHandler.java:249)
	at io.undertow.servlet.handlers.ServletInitialHandler.access$000(ServletInitialHandler.java:78)
	at io.undertow.servlet.handlers.ServletInitialHandler$1.handleRequest(ServletInitialHandler.java:99)
	at io.undertow.server.Connectors.executeRootHandler(Connectors.java:376)
	at io.undertow.server.HttpServerExchange$1.run(HttpServerExchange.java:830)
	at java.util.concurrent.ThreadPoolExecutor.runWorker(Unknown Source)
	at java.util.concurrent.ThreadPoolExecutor$Worker.run(Unknown Source)
	at java.lang.Thread.run(Unknown Source)
Caused by: java.sql.SQLException: sql injection violation, multi-statement not allow : select count(*) from T_OA_MESSAGE_IF_DATA a  MESSD_STATUS
	at com.alibaba.druid.wall.WallFilter.checkInternal(WallFilter.java:801)
	at com.alibaba.druid.wall.WallFilter.connection_prepareStatement(WallFilter.java:252)
	at com.alibaba.druid.filter.FilterChainImpl.connection_prepareStatement(FilterChainImpl.java:568)
	at com.alibaba.druid.filter.FilterAdapter.connection_prepareStatement(FilterAdapter.java:929)
	at com.alibaba.druid.filter.FilterEventAdapter.connection_prepareStatement(FilterEventAdapter.java:122)
	at com.alibaba.druid.filter.FilterChainImpl.connection_prepareStatement(FilterChainImpl.java:568)
	at com.alibaba.druid.proxy.jdbc.ConnectionProxyImpl.prepareStatement(ConnectionProxyImpl.java:342)
	at com.alibaba.druid.pool.DruidPooledConnection.prepareStatement(DruidPooledConnection.java:349)
	at com.jfinal.plugin.activerecord.DbPro.query(DbPro.java:62)
	at com.jfinal.plugin.activerecord.DbPro.doPaginateByFullSql(DbPro.java:551)
	at com.jfinal.plugin.activerecord.DbPro.doPaginate(DbPro.java:535)
	... 57 more

2021-01-21 14:38:18[INFO]-[Thread: main]-[com.alibaba.druid.pool.DruidDataSource.init()]: {dataSource-1,mysql} inited

2021-01-21 14:38:19[INFO]-[Thread: main]-[com.alibaba.druid.pool.DruidDataSource.init()]: {dataSource-2,oracle} inited

2021-01-21 14:38:19[INFO]-[Thread: main]-[io.undertow.Undertow.start()]: starting server: Undertow - 2.0.28.Final

2021-01-21 14:38:19[INFO]-[Thread: main]-[org.xnio.Xnio.<clinit>()]: XNIO version 3.3.8.Final

2021-01-21 14:38:19[INFO]-[Thread: main]-[org.xnio.nio.NioXnio.<clinit>()]: XNIO NIO Implementation Version 3.3.8.Final
