
2021-02-01 12:25:58[INFO]-[Thread: main]-[com.alibaba.druid.pool.DruidDataSource.init()]: {dataSource-1,mysql} inited

2021-02-01 12:25:59[INFO]-[Thread: main]-[com.alibaba.druid.pool.DruidDataSource.init()]: {dataSource-2,oracle} inited

2021-02-01 12:26:00[INFO]-[Thread: main]-[io.undertow.Undertow.start()]: starting server: Undertow - 2.0.28.Final

2021-02-01 12:26:00[INFO]-[Thread: main]-[org.xnio.Xnio.<clinit>()]: XNIO version 3.3.8.Final

2021-02-01 12:26:00[INFO]-[Thread: main]-[org.xnio.nio.NioXnio.<clinit>()]: XNIO NIO Implementation Version 3.3.8.Final

2021-02-01 13:35:27[INFO]-[Thread: main]-[com.alibaba.druid.pool.DruidDataSource.init()]: {dataSource-1,mysql} inited

2021-02-01 13:35:28[INFO]-[Thread: main]-[com.alibaba.druid.pool.DruidDataSource.init()]: {dataSource-2,oracle} inited

2021-02-01 13:35:29[INFO]-[Thread: main]-[io.undertow.Undertow.start()]: starting server: Undertow - 2.0.28.Final

2021-02-01 13:35:29[INFO]-[Thread: main]-[org.xnio.Xnio.<clinit>()]: XNIO version 3.3.8.Final

2021-02-01 13:35:29[INFO]-[Thread: main]-[org.xnio.nio.NioXnio.<clinit>()]: XNIO NIO Implementation Version 3.3.8.Final

2021-02-01 16:16:27[INFO]-[Thread: HotSwapWatcher]-[com.alibaba.druid.pool.DruidDataSource.close()]: {dataSource-2} closed

2021-02-01 16:16:27[INFO]-[Thread: HotSwapWatcher]-[com.alibaba.druid.pool.DruidDataSource.close()]: {dataSource-1} closed

2021-02-01 16:16:27[INFO]-[Thread: HotSwapWatcher]-[io.undertow.Undertow.stop()]: stopping server: Undertow - 2.0.28.Final

2021-02-01 16:16:31[INFO]-[Thread: HotSwapWatcher]-[com.alibaba.druid.pool.DruidDataSource.init()]: {dataSource-3,mysql} inited

2021-02-01 16:16:31[INFO]-[Thread: HotSwapWatcher]-[com.alibaba.druid.pool.DruidDataSource.init()]: {dataSource-4,oracle} inited

2021-02-01 16:16:31[ERROR]-[Thread: HotSwapWatcher]-[com.jfinal.core.Config.startPlugins()]: Plugin start error: com.jfinal.plugin.activerecord.ActiveRecordPlugin. 
java.lang.RuntimeException: Model mapping already exists : com.qinhailin.common.model.OAMessage
com.jfinal.plugin.activerecord.ActiveRecordException: java.lang.RuntimeException: Model mapping already exists : com.qinhailin.common.model.OAMessage
	at com.jfinal.plugin.activerecord.TableBuilder.build(TableBuilder.java:55)
	at com.jfinal.plugin.activerecord.ActiveRecordPlugin.start(ActiveRecordPlugin.java:226)
	at com.jfinal.core.Config.startPlugins(Config.java:128)
	at com.jfinal.core.Config.configPluginWithOrder(Config.java:71)
	at com.jfinal.core.Config.configJFinal(Config.java:59)
	at com.jfinal.core.JFinal.init(JFinal.java:61)
	at com.jfinal.core.JFinalFilter.init(JFinalFilter.java:64)
	at io.undertow.servlet.core.LifecyleInterceptorInvocation.proceed(LifecyleInterceptorInvocation.java:111)
	at io.undertow.servlet.core.ManagedFilter.createFilter(ManagedFilter.java:80)
	at io.undertow.servlet.core.DeploymentManagerImpl$2.call(DeploymentManagerImpl.java:591)
	at io.undertow.servlet.core.DeploymentManagerImpl$2.call(DeploymentManagerImpl.java:556)
	at io.undertow.servlet.core.ServletRequestContextThreadSetupAction$1.call(ServletRequestContextThreadSetupAction.java:42)
	at io.undertow.servlet.core.ContextClassLoaderSetupAction$1.call(ContextClassLoaderSetupAction.java:43)
	at io.undertow.servlet.core.DeploymentManagerImpl.start(DeploymentManagerImpl.java:598)
	at com.jfinal.server.undertow.UndertowServer.configHttp(UndertowServer.java:284)
	at com.jfinal.server.undertow.UndertowServer.doStart(UndertowServer.java:262)
	at com.jfinal.server.undertow.UndertowServer.restart(UndertowServer.java:425)
	at com.jfinal.server.undertow.hotswap.HotSwapWatcher.doRun(HotSwapWatcher.java:133)
	at com.jfinal.server.undertow.hotswap.HotSwapWatcher.run(HotSwapWatcher.java:91)
Caused by: java.lang.RuntimeException: Model mapping already exists : com.qinhailin.common.model.OAMessage
	at com.jfinal.plugin.activerecord.TableMapping.putTable(TableMapping.java:39)
	at com.jfinal.plugin.activerecord.TableBuilder.build(TableBuilder.java:48)
	... 18 more

2021-02-01 17:14:49[INFO]-[Thread: main]-[com.alibaba.druid.pool.DruidDataSource.init()]: {dataSource-1,mysql} inited

2021-02-01 17:14:50[INFO]-[Thread: main]-[com.alibaba.druid.pool.DruidDataSource.init()]: {dataSource-2,oracle} inited

2021-02-01 17:14:51[INFO]-[Thread: main]-[io.undertow.Undertow.start()]: starting server: Undertow - 2.0.28.Final

2021-02-01 17:14:51[INFO]-[Thread: main]-[org.xnio.Xnio.<clinit>()]: XNIO version 3.3.8.Final

2021-02-01 17:14:51[INFO]-[Thread: main]-[org.xnio.nio.NioXnio.<clinit>()]: XNIO NIO Implementation Version 3.3.8.Final

2021-02-01 17:33:14[ERROR]-[Thread: XNIO-1 task-1]-[com.qinhailin.common.intercepor.ExceptionInterceptor.intercept()]: 
java.lang.NullPointerException
	at com.qinhailin.portal.core.ctrl.SysUserController.edit(SysUserController.java:92)
	at sun.reflect.NativeMethodAccessorImpl.invoke0(Native Method)
	at sun.reflect.NativeMethodAccessorImpl.invoke(Unknown Source)
	at sun.reflect.DelegatingMethodAccessorImpl.invoke(Unknown Source)
	at java.lang.reflect.Method.invoke(Unknown Source)
	at com.jfinal.aop.Invocation.invoke(Invocation.java:97)
	at com.qinhailin.common.intercepor.LoggerInterceptor.intercept(LoggerInterceptor.java:49)
	at com.jfinal.aop.Invocation.invoke(Invocation.java:91)
	at com.qinhailin.common.intercepor.TokenInterceptor.intercept(TokenInterceptor.java:61)
	at com.jfinal.aop.Invocation.invoke(Invocation.java:91)
	at com.qinhailin.common.intercepor.ExceptionInterceptor.intercept(ExceptionInterceptor.java:44)
	at com.jfinal.aop.Invocation.invoke(Invocation.java:91)
	at com.qinhailin.common.intercepor.SessionInterceptor.intercept(SessionInterceptor.java:115)
	at com.jfinal.aop.Invocation.invoke(Invocation.java:91)
	at com.jfinal.ext.interceptor.SessionInViewInterceptor.intercept(SessionInViewInterceptor.java:44)
	at com.jfinal.aop.Invocation.invoke(Invocation.java:91)
	at com.jfinal.core.ActionHandler.handle(ActionHandler.java:89)
	at com.qinhailin.common.safe.XssHandler.handle(XssHandler.java:55)
	at com.qinhailin.common.handler.CommonHandler.handle(CommonHandler.java:69)
	at com.jfinal.plugin.druid.DruidStatViewHandler.handle(DruidStatViewHandler.java:81)
	at com.jfinal.core.JFinalFilter.doFilter(JFinalFilter.java:90)
	at io.undertow.servlet.core.ManagedFilter.doFilter(ManagedFilter.java:61)
	at io.undertow.servlet.handlers.FilterHandler$FilterChainImpl.doFilter(FilterHandler.java:131)
	at io.undertow.servlet.handlers.FilterHandler.handleRequest(FilterHandler.java:84)
	at io.undertow.servlet.handlers.security.ServletSecurityRoleHandler.handleRequest(ServletSecurityRoleHandler.java:62)
	at io.undertow.servlet.handlers.ServletChain$1.handleRequest(ServletChain.java:68)
	at io.undertow.servlet.handlers.ServletDispatchingHandler.handleRequest(ServletDispatchingHandler.java:36)
	at io.undertow.servlet.handlers.RedirectDirHandler.handleRequest(RedirectDirHandler.java:68)
	at io.undertow.servlet.handlers.security.SSLInformationAssociationHandler.handleRequest(SSLInformationAssociationHandler.java:132)
	at io.undertow.servlet.handlers.security.ServletAuthenticationCallHandler.handleRequest(ServletAuthenticationCallHandler.java:57)
	at io.undertow.server.handlers.PredicateHandler.handleRequest(PredicateHandler.java:43)
	at io.undertow.security.handlers.AbstractConfidentialityHandler.handleRequest(AbstractConfidentialityHandler.java:46)
	at io.undertow.servlet.handlers.security.ServletConfidentialityConstraintHandler.handleRequest(ServletConfidentialityConstraintHandler.java:64)
	at io.undertow.security.handlers.AuthenticationMechanismsHandler.handleRequest(AuthenticationMechanismsHandler.java:60)
	at io.undertow.servlet.handlers.security.CachedAuthenticatedSessionHandler.handleRequest(CachedAuthenticatedSessionHandler.java:77)
	at io.undertow.security.handlers.AbstractSecurityContextAssociationHandler.handleRequest(AbstractSecurityContextAssociationHandler.java:43)
	at io.undertow.server.handlers.PredicateHandler.handleRequest(PredicateHandler.java:43)
	at io.undertow.server.handlers.PredicateHandler.handleRequest(PredicateHandler.java:43)
	at io.undertow.servlet.handlers.SessionRestoringHandler.handleRequest(SessionRestoringHandler.java:119)
	at io.undertow.servlet.handlers.ServletInitialHandler.handleFirstRequest(ServletInitialHandler.java:269)
	at io.undertow.servlet.handlers.ServletInitialHandler.access$100(ServletInitialHandler.java:78)
	at io.undertow.servlet.handlers.ServletInitialHandler$2.call(ServletInitialHandler.java:133)
	at io.undertow.servlet.handlers.ServletInitialHandler$2.call(ServletInitialHandler.java:130)
	at io.undertow.servlet.core.ServletRequestContextThreadSetupAction$1.call(ServletRequestContextThreadSetupAction.java:48)
	at io.undertow.servlet.core.ContextClassLoaderSetupAction$1.call(ContextClassLoaderSetupAction.java:43)
	at io.undertow.servlet.handlers.ServletInitialHandler.dispatchRequest(ServletInitialHandler.java:249)
	at io.undertow.servlet.handlers.ServletInitialHandler.access$000(ServletInitialHandler.java:78)
	at io.undertow.servlet.handlers.ServletInitialHandler$1.handleRequest(ServletInitialHandler.java:99)
	at io.undertow.server.Connectors.executeRootHandler(Connectors.java:376)
	at io.undertow.server.HttpServerExchange$1.run(HttpServerExchange.java:830)
	at java.util.concurrent.ThreadPoolExecutor.runWorker(Unknown Source)
	at java.util.concurrent.ThreadPoolExecutor$Worker.run(Unknown Source)
	at java.lang.Thread.run(Unknown Source)

2021-02-01 17:33:14[ERROR]-[Thread: XNIO-1 task-1]-[com.jfinal.core.ActionHandler.handleActionException()]: 500 Error: /portal/core/sysUser/edit/undefined
com.jfinal.core.ActionException

2021-02-01 17:33:29[ERROR]-[Thread: XNIO-1 task-4]-[com.qinhailin.common.intercepor.ExceptionInterceptor.intercept()]: 
java.lang.NullPointerException
	at com.qinhailin.portal.core.ctrl.SysUserController.isAllowLogin(SysUserController.java:118)
	at sun.reflect.NativeMethodAccessorImpl.invoke0(Native Method)
	at sun.reflect.NativeMethodAccessorImpl.invoke(Unknown Source)
	at sun.reflect.DelegatingMethodAccessorImpl.invoke(Unknown Source)
	at java.lang.reflect.Method.invoke(Unknown Source)
	at com.jfinal.aop.Invocation.invoke(Invocation.java:97)
	at com.qinhailin.common.intercepor.LoggerInterceptor.intercept(LoggerInterceptor.java:49)
	at com.jfinal.aop.Invocation.invoke(Invocation.java:91)
	at com.qinhailin.common.intercepor.TokenInterceptor.intercept(TokenInterceptor.java:61)
	at com.jfinal.aop.Invocation.invoke(Invocation.java:91)
	at com.qinhailin.common.intercepor.ExceptionInterceptor.intercept(ExceptionInterceptor.java:44)
	at com.jfinal.aop.Invocation.invoke(Invocation.java:91)
	at com.qinhailin.common.intercepor.SessionInterceptor.intercept(SessionInterceptor.java:115)
	at com.jfinal.aop.Invocation.invoke(Invocation.java:91)
	at com.jfinal.ext.interceptor.SessionInViewInterceptor.intercept(SessionInViewInterceptor.java:44)
	at com.jfinal.aop.Invocation.invoke(Invocation.java:91)
	at com.jfinal.core.ActionHandler.handle(ActionHandler.java:89)
	at com.qinhailin.common.safe.XssHandler.handle(XssHandler.java:55)
	at com.qinhailin.common.handler.CommonHandler.handle(CommonHandler.java:69)
	at com.jfinal.plugin.druid.DruidStatViewHandler.handle(DruidStatViewHandler.java:81)
	at com.jfinal.core.JFinalFilter.doFilter(JFinalFilter.java:90)
	at io.undertow.servlet.core.ManagedFilter.doFilter(ManagedFilter.java:61)
	at io.undertow.servlet.handlers.FilterHandler$FilterChainImpl.doFilter(FilterHandler.java:131)
	at io.undertow.servlet.handlers.FilterHandler.handleRequest(FilterHandler.java:84)
	at io.undertow.servlet.handlers.security.ServletSecurityRoleHandler.handleRequest(ServletSecurityRoleHandler.java:62)
	at io.undertow.servlet.handlers.ServletChain$1.handleRequest(ServletChain.java:68)
	at io.undertow.servlet.handlers.ServletDispatchingHandler.handleRequest(ServletDispatchingHandler.java:36)
	at io.undertow.servlet.handlers.RedirectDirHandler.handleRequest(RedirectDirHandler.java:68)
	at io.undertow.servlet.handlers.security.SSLInformationAssociationHandler.handleRequest(SSLInformationAssociationHandler.java:132)
	at io.undertow.servlet.handlers.security.ServletAuthenticationCallHandler.handleRequest(ServletAuthenticationCallHandler.java:57)
	at io.undertow.server.handlers.PredicateHandler.handleRequest(PredicateHandler.java:43)
	at io.undertow.security.handlers.AbstractConfidentialityHandler.handleRequest(AbstractConfidentialityHandler.java:46)
	at io.undertow.servlet.handlers.security.ServletConfidentialityConstraintHandler.handleRequest(ServletConfidentialityConstraintHandler.java:64)
	at io.undertow.security.handlers.AuthenticationMechanismsHandler.handleRequest(AuthenticationMechanismsHandler.java:60)
	at io.undertow.servlet.handlers.security.CachedAuthenticatedSessionHandler.handleRequest(CachedAuthenticatedSessionHandler.java:77)
	at io.undertow.security.handlers.AbstractSecurityContextAssociationHandler.handleRequest(AbstractSecurityContextAssociationHandler.java:43)
	at io.undertow.server.handlers.PredicateHandler.handleRequest(PredicateHandler.java:43)
	at io.undertow.server.handlers.PredicateHandler.handleRequest(PredicateHandler.java:43)
	at io.undertow.servlet.handlers.SessionRestoringHandler.handleRequest(SessionRestoringHandler.java:119)
	at io.undertow.servlet.handlers.ServletInitialHandler.handleFirstRequest(ServletInitialHandler.java:269)
	at io.undertow.servlet.handlers.ServletInitialHandler.access$100(ServletInitialHandler.java:78)
	at io.undertow.servlet.handlers.ServletInitialHandler$2.call(ServletInitialHandler.java:133)
	at io.undertow.servlet.handlers.ServletInitialHandler$2.call(ServletInitialHandler.java:130)
	at io.undertow.servlet.core.ServletRequestContextThreadSetupAction$1.call(ServletRequestContextThreadSetupAction.java:48)
	at io.undertow.servlet.core.ContextClassLoaderSetupAction$1.call(ContextClassLoaderSetupAction.java:43)
	at io.undertow.servlet.handlers.ServletInitialHandler.dispatchRequest(ServletInitialHandler.java:249)
	at io.undertow.servlet.handlers.ServletInitialHandler.access$000(ServletInitialHandler.java:78)
	at io.undertow.servlet.handlers.ServletInitialHandler$1.handleRequest(ServletInitialHandler.java:99)
	at io.undertow.server.Connectors.executeRootHandler(Connectors.java:376)
	at io.undertow.server.HttpServerExchange$1.run(HttpServerExchange.java:830)
	at java.util.concurrent.ThreadPoolExecutor.runWorker(Unknown Source)
	at java.util.concurrent.ThreadPoolExecutor$Worker.run(Unknown Source)
	at java.lang.Thread.run(Unknown Source)
